;  LST file generated by mikroListExporter - v.2.0 
; Date/Time: 11/2/2018 9:36:01 PM
;----------------------------------------------

;Address Opcode 	ASM
0x0000	0x2A30      	GOTO       560
_Interrupt:
0x0004	0x00FF      	MOVWF      R15
0x0005	0x0E03      	SWAPF      STATUS, 0
0x0006	0x0183      	CLRF       STATUS
0x0007	0x00B8      	MOVWF      ___saveSTATUS
0x0008	0x080A      	MOVF       PCLATH, 0
0x0009	0x00B9      	MOVWF      ___savePCLATH
0x000A	0x018A      	CLRF       PCLATH
0x000B	0x0870      	MOVF       R0, 0
0x000C	0x00A2      	MOVWF      34
0x000D	0x0871      	MOVF       R1, 0
0x000E	0x00A1      	MOVWF      33
0x000F	0x087D      	MOVF       R13, 0
0x0010	0x00A0      	MOVWF      32
;midiuart.c,59 :: 		void Interrupt() {
;midiuart.c,60 :: 		int ext,set = 0;
;midiuart.c,61 :: 		if(PORTB.b7) row = 0;
0x0011	0x1F86      	BTFSS      PORTB, 7
0x0012	0x2816      	GOTO       L_Interrupt4
0x0013	0x01AA      	CLRF       _row
0x0014	0x01AB      	CLRF       _row+1
0x0015	0x281A      	GOTO       L_Interrupt5
L_Interrupt4:
;midiuart.c,62 :: 		else row = 1;
0x0016	0x3001      	MOVLW      1
0x0017	0x00AA      	MOVWF      _row
0x0018	0x3000      	MOVLW      0
0x0019	0x00AB      	MOVWF      _row+1
L_Interrupt5:
;midiuart.c,63 :: 		key = (8*row+col+1);
0x001A	0x3003      	MOVLW      3
0x001B	0x00F2      	MOVWF      R2
0x001C	0x082A      	MOVF       _row, 0
0x001D	0x00F0      	MOVWF      R0
0x001E	0x082B      	MOVF       _row+1, 0
0x001F	0x00F1      	MOVWF      R0+1
0x0020	0x0872      	MOVF       R2, 0
L__Interrupt44:
0x0021	0x1903      	BTFSC      STATUS, 2
0x0022	0x2828      	GOTO       L__Interrupt45
0x0023	0x0DF0      	RLF        R0, 1
0x0024	0x0DF1      	RLF        R0+1, 1
0x0025	0x1070      	BCF        R0, 0
0x0026	0x3EFF      	ADDLW      255
0x0027	0x2821      	GOTO       L__Interrupt44
L__Interrupt45:
0x0028	0x082C      	MOVF       _col, 0
0x0029	0x07F0      	ADDWF      R0, 1
0x002A	0x082D      	MOVF       _col+1, 0
0x002B	0x1803      	BTFSC      STATUS, 0
0x002C	0x3E01      	ADDLW      1
0x002D	0x07F1      	ADDWF      R0+1, 1
0x002E	0x0AF0      	INCF       R0, 1
0x002F	0x1903      	BTFSC      STATUS, 2
0x0030	0x0AF1      	INCF       R0+1, 1
0x0031	0x0870      	MOVF       R0, 0
0x0032	0x00A7      	MOVWF      _key
0x0033	0x0871      	MOVF       R0+1, 0
0x0034	0x00A8      	MOVWF      _key+1
;midiuart.c,64 :: 		note = ((key-1)%12);
0x0035	0x3001      	MOVLW      1
0x0036	0x0270      	SUBWF      R0, 0
0x0037	0x00BA      	MOVWF      FLOC__Interrupt
0x0038	0x3000      	MOVLW      0
0x0039	0x1C03      	BTFSS      STATUS, 0
0x003A	0x3E01      	ADDLW      1
0x003B	0x0271      	SUBWF      R0+1, 0
0x003C	0x00BB      	MOVWF      FLOC__Interrupt+1
0x003D	0x300C      	MOVLW      12
0x003E	0x00F4      	MOVWF      R4
0x003F	0x3000      	MOVLW      0
0x0040	0x00F5      	MOVWF      R4+1
0x0041	0x083A      	MOVF       FLOC__Interrupt, 0
0x0042	0x00F0      	MOVWF      R0
0x0043	0x083B      	MOVF       FLOC__Interrupt+1, 0
0x0044	0x00F1      	MOVWF      R0+1
0x0045	0x2193      	CALL       _Div_16x16_S
0x0046	0x0878      	MOVF       R8, 0
0x0047	0x00F0      	MOVWF      R0
0x0048	0x0879      	MOVF       R8+1, 0
0x0049	0x00F1      	MOVWF      R0+1
0x004A	0x0870      	MOVF       R0, 0
0x004B	0x00A9      	MOVWF      _note
;midiuart.c,65 :: 		oct = ((key-1)/12 + octu);
0x004C	0x300C      	MOVLW      12
0x004D	0x00F4      	MOVWF      R4
0x004E	0x3000      	MOVLW      0
0x004F	0x00F5      	MOVWF      R4+1
0x0050	0x083A      	MOVF       FLOC__Interrupt, 0
0x0051	0x00F0      	MOVWF      R0
0x0052	0x083B      	MOVF       FLOC__Interrupt+1, 0
0x0053	0x00F1      	MOVWF      R0+1
0x0054	0x2193      	CALL       _Div_16x16_S
0x0055	0x0832      	MOVF       _octu, 0
0x0056	0x0770      	ADDWF      R0, 0
0x0057	0x00AE      	MOVWF      _oct
;midiuart.c,66 :: 		chordtype = MAJ;
0x0058	0x01B4      	CLRF       _chordtype
0x0059	0x01B5      	CLRF       _chordtype+1
;midiuart.c,67 :: 		vel =0x60;
0x005A	0x3060      	MOVLW      96
0x005B	0x00AF      	MOVWF      _vel
;midiuart.c,68 :: 		inv = 0;
0x005C	0x01B0      	CLRF       _inv
0x005D	0x01B1      	CLRF       _inv+1
;midiuart.c,69 :: 		if(PORTB.b0) chordtype = MIN;
0x005E	0x1C06      	BTFSS      PORTB, 0
0x005F	0x2865      	GOTO       L_Interrupt6
0x0060	0x3001      	MOVLW      1
0x0061	0x00B4      	MOVWF      _chordtype
0x0062	0x3000      	MOVLW      0
0x0063	0x00B5      	MOVWF      _chordtype+1
0x0064	0x2899      	GOTO       L_Interrupt7
L_Interrupt6:
;midiuart.c,70 :: 		else if(PORTB.b1 || PORTB.b2) {
0x0065	0x1886      	BTFSC      PORTB, 1
0x0066	0x286A      	GOTO       L__Interrupt36
0x0067	0x1906      	BTFSC      PORTB, 2
0x0068	0x286A      	GOTO       L__Interrupt36
0x0069	0x2875      	GOTO       L_Interrupt10
L__Interrupt36:
;midiuart.c,71 :: 		inv = 1;
0x006A	0x3001      	MOVLW      1
0x006B	0x00B0      	MOVWF      _inv
0x006C	0x3000      	MOVLW      0
0x006D	0x00B1      	MOVWF      _inv+1
;midiuart.c,72 :: 		if(PORTB.b2) chordtype = MIN;
0x006E	0x1D06      	BTFSS      PORTB, 2
0x006F	0x2874      	GOTO       L_Interrupt11
0x0070	0x3001      	MOVLW      1
0x0071	0x00B4      	MOVWF      _chordtype
0x0072	0x3000      	MOVLW      0
0x0073	0x00B5      	MOVWF      _chordtype+1
L_Interrupt11:
;midiuart.c,73 :: 		}
0x0074	0x2899      	GOTO       L_Interrupt12
L_Interrupt10:
;midiuart.c,74 :: 		else if(PORTB.b3 || PORTB.B4) {
0x0075	0x1986      	BTFSC      PORTB, 3
0x0076	0x287A      	GOTO       L__Interrupt35
0x0077	0x1A06      	BTFSC      PORTB, 4
0x0078	0x287A      	GOTO       L__Interrupt35
0x0079	0x2885      	GOTO       L_Interrupt15
L__Interrupt35:
;midiuart.c,75 :: 		inv = 2;
0x007A	0x3002      	MOVLW      2
0x007B	0x00B0      	MOVWF      _inv
0x007C	0x3000      	MOVLW      0
0x007D	0x00B1      	MOVWF      _inv+1
;midiuart.c,76 :: 		if(PORTB.b4) chordtype = MIN;
0x007E	0x1E06      	BTFSS      PORTB, 4
0x007F	0x2884      	GOTO       L_Interrupt16
0x0080	0x3001      	MOVLW      1
0x0081	0x00B4      	MOVWF      _chordtype
0x0082	0x3000      	MOVLW      0
0x0083	0x00B5      	MOVWF      _chordtype+1
L_Interrupt16:
;midiuart.c,77 :: 		}
0x0084	0x2899      	GOTO       L_Interrupt17
L_Interrupt15:
;midiuart.c,78 :: 		else if(PORTB.b5) chordtype = DIM;
0x0085	0x1E86      	BTFSS      PORTB, 5
0x0086	0x288C      	GOTO       L_Interrupt18
0x0087	0x3002      	MOVLW      2
0x0088	0x00B4      	MOVWF      _chordtype
0x0089	0x3000      	MOVLW      0
0x008A	0x00B5      	MOVWF      _chordtype+1
0x008B	0x2899      	GOTO       L_Interrupt19
L_Interrupt18:
;midiuart.c,79 :: 		else if(PORTC.b0) chordtype = AUG;
0x008C	0x1C07      	BTFSS      PORTC, 0
0x008D	0x2893      	GOTO       L_Interrupt20
0x008E	0x3003      	MOVLW      3
0x008F	0x00B4      	MOVWF      _chordtype
0x0090	0x3000      	MOVLW      0
0x0091	0x00B5      	MOVWF      _chordtype+1
0x0092	0x2899      	GOTO       L_Interrupt21
L_Interrupt20:
;midiuart.c,80 :: 		else if(PORTC.b1) chordtype = PWR;
0x0093	0x1C87      	BTFSS      PORTC, 1
0x0094	0x2899      	GOTO       L_Interrupt22
0x0095	0x3004      	MOVLW      4
0x0096	0x00B4      	MOVWF      _chordtype
0x0097	0x3000      	MOVLW      0
0x0098	0x00B5      	MOVWF      _chordtype+1
L_Interrupt22:
L_Interrupt21:
L_Interrupt19:
L_Interrupt17:
L_Interrupt12:
L_Interrupt7:
;midiuart.c,81 :: 		triad[0] = NOTE(note,oct);
0x0099	0x082E      	MOVF       _oct, 0
0x009A	0x00F0      	MOVWF      R0
0x009B	0x300C      	MOVLW      12
0x009C	0x00F4      	MOVWF      R4
0x009D	0x2217      	CALL       _Mul_8X8_U
0x009E	0x0829      	MOVF       _note, 0
0x009F	0x07F0      	ADDWF      R0, 1
0x00A0	0x307F      	MOVLW      127
0x00A1	0x05F0      	ANDWF      R0, 1
0x00A2	0x0870      	MOVF       R0, 0
0x00A3	0x00A4      	MOVWF      _triad
;midiuart.c,82 :: 		triad[1] = triad[0]+4;
0x00A4	0x3004      	MOVLW      4
0x00A5	0x07F0      	ADDWF      R0, 1
0x00A6	0x0870      	MOVF       R0, 0
0x00A7	0x00A5      	MOVWF      _triad+1
;midiuart.c,83 :: 		triad[2] = triad[1]+3;
0x00A8	0x3003      	MOVLW      3
0x00A9	0x0770      	ADDWF      R0, 0
0x00AA	0x00A6      	MOVWF      _triad+2
;midiuart.c,84 :: 		if(inv>0) {
0x00AB	0x3080      	MOVLW      128
0x00AC	0x00F0      	MOVWF      R0
0x00AD	0x3080      	MOVLW      128
0x00AE	0x0631      	XORWF      _inv+1, 0
0x00AF	0x0270      	SUBWF      R0, 0
0x00B0	0x1D03      	BTFSS      STATUS, 2
0x00B1	0x28B4      	GOTO       L__Interrupt46
0x00B2	0x0830      	MOVF       _inv, 0
0x00B3	0x3C00      	SUBLW      0
L__Interrupt46:
0x00B4	0x1803      	BTFSC      STATUS, 0
0x00B5	0x28C5      	GOTO       L_Interrupt23
;midiuart.c,85 :: 		triad[0] += 0x0C;
0x00B6	0x300C      	MOVLW      12
0x00B7	0x07A4      	ADDWF      _triad, 1
;midiuart.c,86 :: 		if(inv>1) triad[1] += 0x0C;
0x00B8	0x3080      	MOVLW      128
0x00B9	0x00F0      	MOVWF      R0
0x00BA	0x3080      	MOVLW      128
0x00BB	0x0631      	XORWF      _inv+1, 0
0x00BC	0x0270      	SUBWF      R0, 0
0x00BD	0x1D03      	BTFSS      STATUS, 2
0x00BE	0x28C1      	GOTO       L__Interrupt47
0x00BF	0x0830      	MOVF       _inv, 0
0x00C0	0x3C01      	SUBLW      1
L__Interrupt47:
0x00C1	0x1803      	BTFSC      STATUS, 0
0x00C2	0x28C5      	GOTO       L_Interrupt24
0x00C3	0x300C      	MOVLW      12
0x00C4	0x07A5      	ADDWF      _triad+1, 1
L_Interrupt24:
;midiuart.c,87 :: 		}
L_Interrupt23:
;midiuart.c,88 :: 		if (chordtype>MAJ) {
0x00C5	0x3080      	MOVLW      128
0x00C6	0x00F0      	MOVWF      R0
0x00C7	0x3080      	MOVLW      128
0x00C8	0x0635      	XORWF      _chordtype+1, 0
0x00C9	0x0270      	SUBWF      R0, 0
0x00CA	0x1D03      	BTFSS      STATUS, 2
0x00CB	0x28CE      	GOTO       L__Interrupt48
0x00CC	0x0834      	MOVF       _chordtype, 0
0x00CD	0x3C00      	SUBLW      0
L__Interrupt48:
0x00CE	0x1803      	BTFSC      STATUS, 0
0x00CF	0x28FB      	GOTO       L_Interrupt25
;midiuart.c,89 :: 		if(chordtype< AUG) {
0x00D0	0x3080      	MOVLW      128
0x00D1	0x0635      	XORWF      _chordtype+1, 0
0x00D2	0x00F0      	MOVWF      R0
0x00D3	0x3080      	MOVLW      128
0x00D4	0x0270      	SUBWF      R0, 0
0x00D5	0x1D03      	BTFSS      STATUS, 2
0x00D6	0x28D9      	GOTO       L__Interrupt49
0x00D7	0x3003      	MOVLW      3
0x00D8	0x0234      	SUBWF      _chordtype, 0
L__Interrupt49:
0x00D9	0x1803      	BTFSC      STATUS, 0
0x00DA	0x28E8      	GOTO       L_Interrupt26
;midiuart.c,90 :: 		triad[1] -= 1;
0x00DB	0x03A5      	DECF       _triad+1, 1
;midiuart.c,91 :: 		if(chordtype > MIN) triad[2] -=1;
0x00DC	0x3080      	MOVLW      128
0x00DD	0x00F0      	MOVWF      R0
0x00DE	0x3080      	MOVLW      128
0x00DF	0x0635      	XORWF      _chordtype+1, 0
0x00E0	0x0270      	SUBWF      R0, 0
0x00E1	0x1D03      	BTFSS      STATUS, 2
0x00E2	0x28E5      	GOTO       L__Interrupt50
0x00E3	0x0834      	MOVF       _chordtype, 0
0x00E4	0x3C01      	SUBLW      1
L__Interrupt50:
0x00E5	0x1803      	BTFSC      STATUS, 0
0x00E6	0x28E8      	GOTO       L_Interrupt27
0x00E7	0x03A6      	DECF       _triad+2, 1
L_Interrupt27:
;midiuart.c,92 :: 		}
L_Interrupt26:
;midiuart.c,93 :: 		if(chordtype == AUG) triad[2] += 1;
0x00E8	0x3000      	MOVLW      0
0x00E9	0x0635      	XORWF      _chordtype+1, 0
0x00EA	0x1D03      	BTFSS      STATUS, 2
0x00EB	0x28EE      	GOTO       L__Interrupt51
0x00EC	0x3003      	MOVLW      3
0x00ED	0x0634      	XORWF      _chordtype, 0
L__Interrupt51:
0x00EE	0x1D03      	BTFSS      STATUS, 2
0x00EF	0x28F1      	GOTO       L_Interrupt28
0x00F0	0x0AA6      	INCF       _triad+2, 1
L_Interrupt28:
;midiuart.c,94 :: 		if(chordtype == PWR) triad[1] -= 2;
0x00F1	0x3000      	MOVLW      0
0x00F2	0x0635      	XORWF      _chordtype+1, 0
0x00F3	0x1D03      	BTFSS      STATUS, 2
0x00F4	0x28F7      	GOTO       L__Interrupt52
0x00F5	0x3004      	MOVLW      4
0x00F6	0x0634      	XORWF      _chordtype, 0
L__Interrupt52:
0x00F7	0x1D03      	BTFSS      STATUS, 2
0x00F8	0x28FB      	GOTO       L_Interrupt29
0x00F9	0x3002      	MOVLW      2
0x00FA	0x02A5      	SUBWF      _triad+1, 1
L_Interrupt29:
;midiuart.c,95 :: 		}
L_Interrupt25:
;midiuart.c,97 :: 		midi_write(NOTE_ON,chan,triad[0], vel);
0x00FB	0x3090      	MOVLW      144
0x00FC	0x00BC      	MOVWF      FARG_midi_write_type
0x00FD	0x0823      	MOVF       _chan, 0
0x00FE	0x00BD      	MOVWF      FARG_midi_write_chnl
0x00FF	0x0824      	MOVF       _triad, 0
0x0100	0x00BE      	MOVWF      FARG_midi_write_data1
0x0101	0x082F      	MOVF       _vel, 0
0x0102	0x00BF      	MOVWF      FARG_midi_write_data2
0x0103	0x2208      	CALL       _midi_write
;midiuart.c,98 :: 		midi_write(NOTE_ON,chan,triad[1], vel);
0x0104	0x3090      	MOVLW      144
0x0105	0x00BC      	MOVWF      FARG_midi_write_type
0x0106	0x0823      	MOVF       _chan, 0
0x0107	0x00BD      	MOVWF      FARG_midi_write_chnl
0x0108	0x0825      	MOVF       _triad+1, 0
0x0109	0x00BE      	MOVWF      FARG_midi_write_data1
0x010A	0x082F      	MOVF       _vel, 0
0x010B	0x00BF      	MOVWF      FARG_midi_write_data2
0x010C	0x2208      	CALL       _midi_write
;midiuart.c,99 :: 		midi_write(NOTE_ON,chan,triad[2], vel);
0x010D	0x3090      	MOVLW      144
0x010E	0x00BC      	MOVWF      FARG_midi_write_type
0x010F	0x0823      	MOVF       _chan, 0
0x0110	0x00BD      	MOVWF      FARG_midi_write_chnl
0x0111	0x0826      	MOVF       _triad+2, 0
0x0112	0x00BE      	MOVWF      FARG_midi_write_data1
0x0113	0x082F      	MOVF       _vel, 0
0x0114	0x00BF      	MOVWF      FARG_midi_write_data2
0x0115	0x2208      	CALL       _midi_write
;midiuart.c,100 :: 		while(PORTB.b6 || PORTB.b7);
L_Interrupt30:
0x0116	0x1B06      	BTFSC      PORTB, 6
0x0117	0x291B      	GOTO       L__Interrupt34
0x0118	0x1B86      	BTFSC      PORTB, 7
0x0119	0x291B      	GOTO       L__Interrupt34
0x011A	0x291C      	GOTO       L_Interrupt31
L__Interrupt34:
0x011B	0x2916      	GOTO       L_Interrupt30
L_Interrupt31:
;midiuart.c,101 :: 		midi_write(NOTE_OFF,chan,triad[0], vel);
0x011C	0x3080      	MOVLW      128
0x011D	0x00BC      	MOVWF      FARG_midi_write_type
0x011E	0x0823      	MOVF       _chan, 0
0x011F	0x00BD      	MOVWF      FARG_midi_write_chnl
0x0120	0x0824      	MOVF       _triad, 0
0x0121	0x00BE      	MOVWF      FARG_midi_write_data1
0x0122	0x082F      	MOVF       _vel, 0
0x0123	0x00BF      	MOVWF      FARG_midi_write_data2
0x0124	0x2208      	CALL       _midi_write
;midiuart.c,102 :: 		midi_write(NOTE_OFF,chan,triad[1], vel);
0x0125	0x3080      	MOVLW      128
0x0126	0x00BC      	MOVWF      FARG_midi_write_type
0x0127	0x0823      	MOVF       _chan, 0
0x0128	0x00BD      	MOVWF      FARG_midi_write_chnl
0x0129	0x0825      	MOVF       _triad+1, 0
0x012A	0x00BE      	MOVWF      FARG_midi_write_data1
0x012B	0x082F      	MOVF       _vel, 0
0x012C	0x00BF      	MOVWF      FARG_midi_write_data2
0x012D	0x2208      	CALL       _midi_write
;midiuart.c,103 :: 		midi_write(NOTE_OFF,chan,triad[2], vel);
0x012E	0x3080      	MOVLW      128
0x012F	0x00BC      	MOVWF      FARG_midi_write_type
0x0130	0x0823      	MOVF       _chan, 0
0x0131	0x00BD      	MOVWF      FARG_midi_write_chnl
0x0132	0x0826      	MOVF       _triad+2, 0
0x0133	0x00BE      	MOVWF      FARG_midi_write_data1
0x0134	0x082F      	MOVF       _vel, 0
0x0135	0x00BF      	MOVWF      FARG_midi_write_data2
0x0136	0x2208      	CALL       _midi_write
;midiuart.c,104 :: 		INTCON &= 0xFE;
0x0137	0x30FE      	MOVLW      254
0x0138	0x058B      	ANDWF      INTCON, 1
;midiuart.c,105 :: 		}
L_end_Interrupt:
L__Interrupt43:
0x0139	0x0822      	MOVF       34, 0
0x013A	0x00F0      	MOVWF      R0
0x013B	0x0821      	MOVF       33, 0
0x013C	0x00F1      	MOVWF      R1
0x013D	0x0820      	MOVF       32, 0
0x013E	0x00FD      	MOVWF      R13
0x013F	0x0839      	MOVF       ___savePCLATH, 0
0x0140	0x008A      	MOVWF      PCLATH
0x0141	0x0E38      	SWAPF      ___saveSTATUS, 0
0x0142	0x0083      	MOVWF      STATUS
0x0143	0x0EFF      	SWAPF      R15, 1
0x0144	0x0E7F      	SWAPF      R15, 0
0x0145	0x0009      	RETFIE
; end of _Interrupt
_UART1_Write:
;__Lib_UART_c67.c,39 :: 		
;__Lib_UART_c67.c,40 :: 		
L_UART1_Write3:
0x0146	0x1683      	BSF        STATUS, 5
0x0147	0x1303      	BCF        STATUS, 6
0x0148	0x1898      	BTFSC      TXSTA, 1
0x0149	0x294C      	GOTO       L_UART1_Write4
;__Lib_UART_c67.c,41 :: 		
0x014A	0x0000      	NOP
0x014B	0x2946      	GOTO       L_UART1_Write3
L_UART1_Write4:
;__Lib_UART_c67.c,42 :: 		
0x014C	0x1283      	BCF        STATUS, 5
0x014D	0x0840      	MOVF       FARG_UART1_Write_data_, 0
0x014E	0x0099      	MOVWF      TXREG
;__Lib_UART_c67.c,43 :: 		
L_end_UART1_Write:
0x014F	0x0008      	RETURN
; end of _UART1_Write
_Div_16x16_S_L:
;__Lib_Math.c,420 :: 		
;__Lib_Math.c,426 :: 		
0x0150	0x0D71      	RLF        R1, 0
;__Lib_Math.c,427 :: 		
0x0151	0x0DF8      	RLF        R8, 1
;__Lib_Math.c,428 :: 		
0x0152	0x0DF9      	RLF        R9, 1
;__Lib_Math.c,429 :: 		
0x0153	0x0874      	MOVF       R4, 0
;__Lib_Math.c,430 :: 		
0x0154	0x02F8      	SUBWF      R8, 1
;__Lib_Math.c,431 :: 		
0x0155	0x0875      	MOVF       R5, 0
;__Lib_Math.c,432 :: 		
0x0156	0x1C03      	BTFSS      STATUS, 0
;__Lib_Math.c,433 :: 		
0x0157	0x0F75      	INCFSZ     R5, 0
;__Lib_Math.c,434 :: 		
0x0158	0x02F9      	SUBWF      R9, 1
;__Lib_Math.c,435 :: 		
0x0159	0x0DF0      	RLF        R0, 1
;__Lib_Math.c,436 :: 		
0x015A	0x0DF1      	RLF        R1, 1
;__Lib_Math.c,438 :: 		
0x015B	0x300F      	MOVLW      15
;__Lib_Math.c,439 :: 		
0x015C	0x00FC      	MOVWF      R12
;__Lib_Math.c,441 :: 		
0x015D	0x0D71      	RLF        R1, 0
;__Lib_Math.c,442 :: 		
0x015E	0x0DF8      	RLF        R8, 1
;__Lib_Math.c,443 :: 		
0x015F	0x0DF9      	RLF        R9, 1
;__Lib_Math.c,444 :: 		
0x0160	0x0874      	MOVF       R4, 0
;__Lib_Math.c,446 :: 		
0x0161	0x1C70      	BTFSS      R0, 0
;__Lib_Math.c,447 :: 		
0x0162	0x2969      	GOTO       $+7
;__Lib_Math.c,448 :: 		
0x0163	0x02F8      	SUBWF      R8, 1
;__Lib_Math.c,449 :: 		
0x0164	0x0875      	MOVF       R5, 0
;__Lib_Math.c,450 :: 		
0x0165	0x1C03      	BTFSS      STATUS, 0
;__Lib_Math.c,451 :: 		
0x0166	0x0F75      	INCFSZ     R5, 0
;__Lib_Math.c,452 :: 		
0x0167	0x02F9      	SUBWF      R9, 1
;__Lib_Math.c,453 :: 		
0x0168	0x296E      	GOTO       $+6
;__Lib_Math.c,455 :: 		
0x0169	0x07F8      	ADDWF      R8, 1
;__Lib_Math.c,456 :: 		
0x016A	0x0875      	MOVF       R5, 0
;__Lib_Math.c,457 :: 		
0x016B	0x1803      	BTFSC      STATUS, 0
;__Lib_Math.c,458 :: 		
0x016C	0x0F75      	INCFSZ     R5, 0
;__Lib_Math.c,459 :: 		
0x016D	0x07F9      	ADDWF      R9, 1
;__Lib_Math.c,461 :: 		
0x016E	0x0DF0      	RLF        R0, 1
;__Lib_Math.c,462 :: 		
0x016F	0x0DF1      	RLF        R1, 1
;__Lib_Math.c,464 :: 		
0x0170	0x0BFC      	DECFSZ     R12, 1
;__Lib_Math.c,465 :: 		
0x0171	0x295D      	GOTO       $-20
;__Lib_Math.c,467 :: 		
0x0172	0x1870      	BTFSC      R0, 0
;__Lib_Math.c,468 :: 		
0x0173	0x297A      	GOTO       $+7
;__Lib_Math.c,469 :: 		
0x0174	0x0874      	MOVF       R4, 0
;__Lib_Math.c,470 :: 		
0x0175	0x07F8      	ADDWF      R8, 1
;__Lib_Math.c,471 :: 		
0x0176	0x0875      	MOVF       R5, 0
;__Lib_Math.c,472 :: 		
0x0177	0x1803      	BTFSC      STATUS, 0
;__Lib_Math.c,473 :: 		
0x0178	0x0F75      	INCFSZ     R5, 0
;__Lib_Math.c,474 :: 		
0x0179	0x07F9      	ADDWF      R9, 1
;__Lib_Math.c,475 :: 		
0x017A	0x0000      	NOP
;__Lib_Math.c,477 :: 		
L_end_Div_16x16_S_L:
0x017B	0x0008      	RETURN
; end of _Div_16x16_S_L
_____DoICP:
;__Lib_System.c,6 :: 		
;__Lib_System.c,9 :: 		
0x017C	0x1283      	BCF        STATUS, 5
0x017D	0x1303      	BCF        STATUS, 6
0x017E	0x0837      	MOVF       ___DoICPAddr+1, 0
0x017F	0x008A      	MOVWF      PCLATH
;__Lib_System.c,10 :: 		
0x0180	0x0836      	MOVF       ___DoICPAddr, 0
0x0181	0x0082      	MOVWF      PCL
;__Lib_System.c,12 :: 		
L_end_____DoICP:
0x0182	0x0008      	RETURN
; end of _____DoICP
_UART1_Init:
;__Lib_UART_c67.c,2 :: 		
;__Lib_UART_c67.c,5 :: 		
0x0183	0x1683      	BSF        STATUS, 5
0x0184	0x1303      	BCF        STATUS, 6
0x0185	0x1698      	BSF        TXSTA, 5
;__Lib_UART_c67.c,6 :: 		
0x0186	0x3090      	MOVLW      144
0x0187	0x1283      	BCF        STATUS, 5
0x0188	0x0098      	MOVWF      RCSTA
;__Lib_UART_c67.c,7 :: 		
0x0189	0x1683      	BSF        STATUS, 5
0x018A	0x1787      	BSF        TRISC7_bit, BitPos(TRISC7_bit+0)
;__Lib_UART_c67.c,8 :: 		
0x018B	0x1307      	BCF        TRISC6_bit, BitPos(TRISC6_bit+0)
;__Lib_UART_c67.c,10 :: 		
L_UART1_Init0:
0x018C	0x1283      	BCF        STATUS, 5
0x018D	0x1E8C      	BTFSS      PIR1, 5
0x018E	0x2992      	GOTO       L_UART1_Init1
;__Lib_UART_c67.c,11 :: 		
0x018F	0x081A      	MOVF       RCREG, 0
0x0190	0x00F0      	MOVWF      R0
0x0191	0x298C      	GOTO       L_UART1_Init0
L_UART1_Init1:
;__Lib_UART_c67.c,12 :: 		
L_end_UART1_Init:
0x0192	0x0008      	RETURN
; end of _UART1_Init
_Div_16x16_S:
;__Lib_Math.c,479 :: 		
;__Lib_Math.c,487 :: 		
0x0193	0x1283      	BCF        STATUS, 5
0x0194	0x1303      	BCF        STATUS, 6
0x0195	0x0874      	MOVF       R4, 0
0x0196	0x3A00      	XORLW      0
0x0197	0x1D03      	BTFSS      STATUS, 2
0x0198	0x29A2      	GOTO       L_Div_16x16_S0
;__Lib_Math.c,488 :: 		
0x0199	0x0875      	MOVF       R5, 0
0x019A	0x3A00      	XORLW      0
0x019B	0x1D03      	BTFSS      STATUS, 2
0x019C	0x29A2      	GOTO       L_Div_16x16_S1
;__Lib_Math.c,489 :: 		
0x019D	0x30FF      	MOVLW      255
0x019E	0x00F0      	MOVWF      R0
;__Lib_Math.c,490 :: 		
0x019F	0x307F      	MOVLW      127
0x01A0	0x00F1      	MOVWF      R1
;__Lib_Math.c,491 :: 		
0x01A1	0x29FB      	GOTO       L_end_Div_16x16_S
;__Lib_Math.c,492 :: 		
L_Div_16x16_S1:
L_Div_16x16_S0:
;__Lib_Math.c,495 :: 		
0x01A2	0x1283      	BCF        STATUS, 5
;__Lib_Math.c,496 :: 		
0x01A3	0x1303      	BCF        STATUS, 6
;__Lib_Math.c,497 :: 		
0x01A4	0x01FD      	CLRF       R13
;__Lib_Math.c,498 :: 		
0x01A5	0x01F9      	CLRF       R9
;__Lib_Math.c,499 :: 		
0x01A6	0x01F8      	CLRF       R8
;__Lib_Math.c,500 :: 		
0x01A7	0x0871      	MOVF       R1, 0
;__Lib_Math.c,501 :: 		
0x01A8	0x0470      	IORWF      R0, 0
;__Lib_Math.c,502 :: 		
0x01A9	0x1903      	BTFSC      STATUS, 2
;__Lib_Math.c,503 :: 		
0x01AA	0x3400      	RETLW      0
;__Lib_Math.c,505 :: 		
0x01AB	0x0871      	MOVF       R1, 0
;__Lib_Math.c,506 :: 		
0x01AC	0x0675      	XORWF      R5, 0
;__Lib_Math.c,507 :: 		
0x01AD	0x00FA      	MOVWF      R10
;__Lib_Math.c,508 :: 		
0x01AE	0x1BFA      	BTFSC      R10, 7
;__Lib_Math.c,509 :: 		
0x01AF	0x09FD      	COMF       R13, 1
;__Lib_Math.c,511 :: 		
0x01B0	0x01FB      	CLRF       R11
;__Lib_Math.c,513 :: 		
0x01B1	0x1FF5      	BTFSS      R5, 7
;__Lib_Math.c,514 :: 		
0x01B2	0x29B8      	GOTO       $+6
;__Lib_Math.c,516 :: 		
0x01B3	0x09F4      	COMF       R4, 1
;__Lib_Math.c,517 :: 		
0x01B4	0x09F5      	COMF       R5, 1
;__Lib_Math.c,518 :: 		
0x01B5	0x0AF4      	INCF       R4, 1
;__Lib_Math.c,519 :: 		
0x01B6	0x1903      	BTFSC      STATUS, 2
;__Lib_Math.c,520 :: 		
0x01B7	0x0AF5      	INCF       R5, 1
;__Lib_Math.c,522 :: 		
0x01B8	0x1FF1      	BTFSS      R1, 7
;__Lib_Math.c,523 :: 		
0x01B9	0x29BF      	GOTO       $+6
;__Lib_Math.c,525 :: 		
0x01BA	0x09F0      	COMF       R0, 1
;__Lib_Math.c,526 :: 		
0x01BB	0x09F1      	COMF       R1, 1
;__Lib_Math.c,527 :: 		
0x01BC	0x0AF0      	INCF       R0, 1
;__Lib_Math.c,528 :: 		
0x01BD	0x1903      	BTFSC      STATUS, 2
;__Lib_Math.c,529 :: 		
0x01BE	0x0AF1      	INCF       R1, 1
;__Lib_Math.c,531 :: 		
0x01BF	0x0871      	MOVF       R1, 0
;__Lib_Math.c,532 :: 		
0x01C0	0x0475      	IORWF      R5, 0
;__Lib_Math.c,533 :: 		
0x01C1	0x00FA      	MOVWF      R10
;__Lib_Math.c,534 :: 		
0x01C2	0x1BFA      	BTFSC      R10, 7
;__Lib_Math.c,535 :: 		
0x01C3	0x29D4      	GOTO       $+17
;__Lib_Math.c,537 :: 		
0x01C4	0x2150      	CALL       _Div_16x16_S_L
;__Lib_Math.c,539 :: 		
0x01C5	0x187B      	BTFSC      R11, 0
;__Lib_Math.c,540 :: 		
0x01C6	0x29E7      	GOTO       $+33
;__Lib_Math.c,542 :: 		
0x01C7	0x1FFD      	BTFSS      R13, 7
;__Lib_Math.c,543 :: 		
0x01C8	0x3400      	RETLW      0
;__Lib_Math.c,545 :: 		
0x01C9	0x09F0      	COMF       R0, 1
;__Lib_Math.c,546 :: 		
0x01CA	0x09F1      	COMF       R1, 1
;__Lib_Math.c,547 :: 		
0x01CB	0x0AF0      	INCF       R0, 1
;__Lib_Math.c,548 :: 		
0x01CC	0x1903      	BTFSC      STATUS, 2
;__Lib_Math.c,549 :: 		
0x01CD	0x0AF1      	INCF       R1, 1
;__Lib_Math.c,551 :: 		
0x01CE	0x09F8      	COMF       R8, 1
;__Lib_Math.c,552 :: 		
0x01CF	0x09F9      	COMF       R9, 1
;__Lib_Math.c,553 :: 		
0x01D0	0x0AF8      	INCF       R8, 1
;__Lib_Math.c,554 :: 		
0x01D1	0x1903      	BTFSC      STATUS, 2
;__Lib_Math.c,555 :: 		
0x01D2	0x0AF9      	INCF       R9, 1
;__Lib_Math.c,557 :: 		
0x01D3	0x3400      	RETLW      0
;__Lib_Math.c,559 :: 		
0x01D4	0x1FF5      	BTFSS      R5, 7
;__Lib_Math.c,560 :: 		
0x01D5	0x29E3      	GOTO       $+14
;__Lib_Math.c,561 :: 		
0x01D6	0x1BF1      	BTFSC      R1, 7
;__Lib_Math.c,562 :: 		
0x01D7	0x29DF      	GOTO       $+8
;__Lib_Math.c,563 :: 		
0x01D8	0x0871      	MOVF       R1, 0
;__Lib_Math.c,564 :: 		
0x01D9	0x00F9      	MOVWF      R9
;__Lib_Math.c,565 :: 		
0x01DA	0x0870      	MOVF       R0, 0
;__Lib_Math.c,566 :: 		
0x01DB	0x00F8      	MOVWF      R8
;__Lib_Math.c,567 :: 		
0x01DC	0x01F1      	CLRF       R1
;__Lib_Math.c,568 :: 		
0x01DD	0x01F0      	CLRF       R0
;__Lib_Math.c,569 :: 		
0x01DE	0x29C7      	GOTO       $-23
;__Lib_Math.c,570 :: 		
0x01DF	0x01F1      	CLRF       R1
;__Lib_Math.c,571 :: 		
0x01E0	0x01F0      	CLRF       R0
;__Lib_Math.c,572 :: 		
0x01E1	0x0AF0      	INCF       R0, 1
;__Lib_Math.c,573 :: 		
0x01E2	0x3400      	RETLW      0
;__Lib_Math.c,575 :: 		
0x01E3	0x09F1      	COMF       R1, 1
;__Lib_Math.c,576 :: 		
0x01E4	0x09F0      	COMF       R0, 1
;__Lib_Math.c,577 :: 		
0x01E5	0x0AFB      	INCF       R11, 1
;__Lib_Math.c,578 :: 		
0x01E6	0x29C4      	GOTO       $-34
;__Lib_Math.c,580 :: 		
0x01E7	0x0AF8      	INCF       R8, 1
;__Lib_Math.c,581 :: 		
0x01E8	0x1903      	BTFSC      STATUS, 2
;__Lib_Math.c,582 :: 		
0x01E9	0x0AF9      	INCF       R9, 1
;__Lib_Math.c,583 :: 		
0x01EA	0x0874      	MOVF       R4, 0
;__Lib_Math.c,584 :: 		
0x01EB	0x0278      	SUBWF      R8, 0
;__Lib_Math.c,585 :: 		
0x01EC	0x1D03      	BTFSS      STATUS, 2
;__Lib_Math.c,586 :: 		
0x01ED	0x29C7      	GOTO       $-38
;__Lib_Math.c,587 :: 		
0x01EE	0x0875      	MOVF       R5, 0
;__Lib_Math.c,588 :: 		
0x01EF	0x0279      	SUBWF      R9, 0
;__Lib_Math.c,589 :: 		
0x01F0	0x1D03      	BTFSS      STATUS, 2
;__Lib_Math.c,590 :: 		
0x01F1	0x29C7      	GOTO       $-42
;__Lib_Math.c,591 :: 		
0x01F2	0x01F9      	CLRF       R9
;__Lib_Math.c,592 :: 		
0x01F3	0x01F8      	CLRF       R8
;__Lib_Math.c,593 :: 		
0x01F4	0x0AF0      	INCF       R0, 1
;__Lib_Math.c,594 :: 		
0x01F5	0x1903      	BTFSC      STATUS, 2
;__Lib_Math.c,595 :: 		
0x01F6	0x0AF1      	INCF       R1, 1
;__Lib_Math.c,596 :: 		
0x01F7	0x1FF1      	BTFSS      R1, 7
;__Lib_Math.c,597 :: 		
0x01F8	0x29C7      	GOTO       $-49
;__Lib_Math.c,598 :: 		
0x01F9	0x0000      	NOP
;__Lib_Math.c,599 :: 		
0x01FA	0x34FF      	RETLW      255
;__Lib_Math.c,601 :: 		
L_end_Div_16x16_S:
0x01FB	0x0008      	RETURN
; end of _Div_16x16_S
___CC2DW:
;__Lib_System.c,134 :: 		
;__Lib_System.c,137 :: 		
_CC2D_Loop1:
;__Lib_System.c,139 :: 		
0x01FC	0x217C      	CALL       _____DoICP
0x01FD	0x118A      	BCF        PCLATH, 3
0x01FE	0x120A      	BCF        PCLATH, 4
;__Lib_System.c,141 :: 		
0x01FF	0x0080      	MOVWF      INDF
;__Lib_System.c,142 :: 		
0x0200	0x0A84      	INCF       FSR, 1
;__Lib_System.c,143 :: 		
0x0201	0x0AB6      	INCF       ___DoICPAddr, 1
;__Lib_System.c,145 :: 		
0x0202	0x1903      	BTFSC      STATUS, 2
;__Lib_System.c,146 :: 		
0x0203	0x0AB7      	INCF       ___DoICPAddr+1, 1
;__Lib_System.c,147 :: 		
0x0204	0x03F0      	DECF       R0, 1
;__Lib_System.c,149 :: 		
0x0205	0x1D03      	BTFSS      STATUS, 2
;__Lib_System.c,150 :: 		
0x0206	0x29FC      	GOTO       _CC2D_Loop1
;__Lib_System.c,152 :: 		
L_end___CC2DW:
0x0207	0x0008      	RETURN
; end of ___CC2DW
_midi_write:
;midiuart.c,33 :: 		void midi_write(char type, char chnl, char data1, char data2) {
;midiuart.c,34 :: 		Uart1_Write(type+chnl);
0x0208	0x1283      	BCF        STATUS, 5
0x0209	0x1303      	BCF        STATUS, 6
0x020A	0x083D      	MOVF       FARG_midi_write_chnl, 0
0x020B	0x073C      	ADDWF      FARG_midi_write_type, 0
0x020C	0x00C0      	MOVWF      FARG_UART1_Write_data_
0x020D	0x2146      	CALL       _UART1_Write
;midiuart.c,35 :: 		Uart1_Write(data1&DATA_MSK);
0x020E	0x307F      	MOVLW      127
0x020F	0x053E      	ANDWF      FARG_midi_write_data1, 0
0x0210	0x00C0      	MOVWF      FARG_UART1_Write_data_
0x0211	0x2146      	CALL       _UART1_Write
;midiuart.c,36 :: 		Uart1_Write(data2&DATA_MSK);
0x0212	0x307F      	MOVLW      127
0x0213	0x053F      	ANDWF      FARG_midi_write_data2, 0
0x0214	0x00C0      	MOVWF      FARG_UART1_Write_data_
0x0215	0x2146      	CALL       _UART1_Write
;midiuart.c,37 :: 		}
L_end_midi_write:
0x0216	0x0008      	RETURN
; end of _midi_write
_Mul_8X8_U:
;__Lib_Math.c,103 :: 		
;__Lib_Math.c,108 :: 		
0x0217	0x1283      	BCF        STATUS, 5
;__Lib_Math.c,109 :: 		
0x0218	0x1303      	BCF        STATUS, 6
;__Lib_Math.c,110 :: 		
0x0219	0x0870      	MOVF       R0, 0
;__Lib_Math.c,111 :: 		
0x021A	0x00F1      	MOVWF      R1
;__Lib_Math.c,112 :: 		
0x021B	0x01F0      	CLRF       R0
;__Lib_Math.c,113 :: 		
0x021C	0x3008      	MOVLW      8
;__Lib_Math.c,114 :: 		
0x021D	0x00FC      	MOVWF      R12
;__Lib_Math.c,115 :: 		
0x021E	0x0871      	MOVF       R1, 0
;__Lib_Math.c,116 :: 		
0x021F	0x0CF4      	RRF        R4, 1
;__Lib_Math.c,117 :: 		
0x0220	0x1803      	BTFSC      STATUS, 0
;__Lib_Math.c,118 :: 		
0x0221	0x2A26      	GOTO       $+5
;__Lib_Math.c,119 :: 		
0x0222	0x0BFC      	DECFSZ     R12, 1
;__Lib_Math.c,120 :: 		
0x0223	0x2A1F      	GOTO       $-4
;__Lib_Math.c,121 :: 		
0x0224	0x01F1      	CLRF       R1
;__Lib_Math.c,122 :: 		
0x0225	0x3400      	RETLW      0
;__Lib_Math.c,123 :: 		
0x0226	0x1003      	BCF        STATUS, 0
;__Lib_Math.c,124 :: 		
0x0227	0x2A2B      	GOTO       $+4
;__Lib_Math.c,125 :: 		
0x0228	0x0CF4      	RRF        R4, 1
;__Lib_Math.c,126 :: 		
0x0229	0x1803      	BTFSC      STATUS, 0
;__Lib_Math.c,127 :: 		
0x022A	0x07F1      	ADDWF      R1, 1
;__Lib_Math.c,128 :: 		
0x022B	0x0CF1      	RRF        R1, 1
;__Lib_Math.c,129 :: 		
0x022C	0x0CF0      	RRF        R0, 1
;__Lib_Math.c,130 :: 		
0x022D	0x0BFC      	DECFSZ     R12, 1
;__Lib_Math.c,131 :: 		
0x022E	0x2A28      	GOTO       $-6
;__Lib_Math.c,133 :: 		
;__Lib_Math.c,134 :: 		
L_end_Mul_8X8_U:
0x022F	0x0008      	RETURN
; end of _Mul_8X8_U
_main:
0x0230	0x1283      	BCF        STATUS, 5
0x0231	0x1303      	BCF        STATUS, 6
0x0232	0x01A3      	CLRF       _chan
0x0233	0x01A4      	CLRF       _triad
0x0234	0x01A5      	CLRF       37
0x0235	0x01A6      	CLRF       38
0x0236	0x01A7      	CLRF       _key
0x0237	0x01A8      	CLRF       40
0x0238	0x01A9      	CLRF       _note
0x0239	0x01AA      	CLRF       _row
0x023A	0x01AB      	CLRF       43
0x023B	0x3008      	MOVLW      8
0x023C	0x00AC      	MOVWF      _col
0x023D	0x01AD      	CLRF       45
0x023E	0x01AE      	CLRF       _oct
0x023F	0x01AF      	CLRF       _vel
0x0240	0x01B0      	CLRF       _inv
0x0241	0x01B1      	CLRF       49
0x0242	0x3004      	MOVLW      4
0x0243	0x00B2      	MOVWF      _octu
0x0244	0x01B3      	CLRF       51
0x0245	0x01B4      	CLRF       _chordtype
0x0246	0x01B5      	CLRF       53
;midiuart.c,38 :: 		void main() {
;midiuart.c,39 :: 		TRISA = 0x00;
0x0247	0x1683      	BSF        STATUS, 5
0x0248	0x0185      	CLRF       TRISA
;midiuart.c,40 :: 		TRISB = 0xFF;
0x0249	0x30FF      	MOVLW      255
0x024A	0x0086      	MOVWF      TRISB
;midiuart.c,41 :: 		TRISC = 0x03;
0x024B	0x3003      	MOVLW      3
0x024C	0x0087      	MOVWF      TRISC
;midiuart.c,42 :: 		PORTA = 0x00;
0x024D	0x1283      	BCF        STATUS, 5
0x024E	0x0185      	CLRF       PORTA
;midiuart.c,43 :: 		PORTC = 0x00;
0x024F	0x0187      	CLRF       PORTC
;midiuart.c,44 :: 		ANSEL = 0x00;
0x0250	0x1683      	BSF        STATUS, 5
0x0251	0x1703      	BSF        STATUS, 6
0x0252	0x0188      	CLRF       ANSEL
;midiuart.c,45 :: 		ANSELH = 0x00;
0x0253	0x0189      	CLRF       ANSELH
;midiuart.c,46 :: 		C1ON_bit = 0;
0x0254	0x1283      	BCF        STATUS, 5
0x0255	0x1387      	BCF        C1ON_bit, BitPos(C1ON_bit+0)
;midiuart.c,47 :: 		C2ON_bit = 0;
0x0256	0x1388      	BCF        C2ON_bit, BitPos(C2ON_bit+0)
;midiuart.c,48 :: 		WPUB = 0x00;
0x0257	0x1683      	BSF        STATUS, 5
0x0258	0x1303      	BCF        STATUS, 6
0x0259	0x0195      	CLRF       WPUB
;midiuart.c,49 :: 		Uart1_Init(31250);
0x025A	0x3007      	MOVLW      7
0x025B	0x0099      	MOVWF      SPBRG
0x025C	0x1518      	BSF        TXSTA, 2
0x025D	0x2183      	CALL       _UART1_Init
;midiuart.c,50 :: 		IOCB = 0xC0;
0x025E	0x30C0      	MOVLW      192
0x025F	0x1683      	BSF        STATUS, 5
0x0260	0x0096      	MOVWF      IOCB
;midiuart.c,51 :: 		INTCON |= 0x88;
0x0261	0x3088      	MOVLW      136
0x0262	0x048B      	IORWF      INTCON, 1
;midiuart.c,52 :: 		while(1){
L_main0:
;midiuart.c,53 :: 		col--;
0x0263	0x3001      	MOVLW      1
0x0264	0x1283      	BCF        STATUS, 5
0x0265	0x02AC      	SUBWF      _col, 1
0x0266	0x1C03      	BTFSS      STATUS, 0
0x0267	0x03AD      	DECF       _col+1, 1
;midiuart.c,54 :: 		PORTA = 1<<(col);
0x0268	0x082C      	MOVF       _col, 0
0x0269	0x00F1      	MOVWF      R1
0x026A	0x3001      	MOVLW      1
0x026B	0x00F0      	MOVWF      R0
0x026C	0x0871      	MOVF       R1, 0
L__main39:
0x026D	0x1903      	BTFSC      STATUS, 2
0x026E	0x2A73      	GOTO       L__main40
0x026F	0x0DF0      	RLF        R0, 1
0x0270	0x1070      	BCF        R0, 0
0x0271	0x3EFF      	ADDLW      255
0x0272	0x2A6D      	GOTO       L__main39
L__main40:
0x0273	0x1283      	BCF        STATUS, 5
0x0274	0x0870      	MOVF       R0, 0
0x0275	0x0085      	MOVWF      PORTA
;midiuart.c,55 :: 		Delay_us(200);
0x0276	0x3042      	MOVLW      66
0x0277	0x00FD      	MOVWF      R13
L_main2:
0x0278	0x0BFD      	DECFSZ     R13, 1
0x0279	0x2A78      	GOTO       L_main2
0x027A	0x0000      	NOP
;midiuart.c,56 :: 		if(col == 0) col = COLN;
0x027B	0x3000      	MOVLW      0
0x027C	0x062D      	XORWF      _col+1, 0
0x027D	0x1D03      	BTFSS      STATUS, 2
0x027E	0x2A81      	GOTO       L__main41
0x027F	0x3000      	MOVLW      0
0x0280	0x062C      	XORWF      _col, 0
L__main41:
0x0281	0x1D03      	BTFSS      STATUS, 2
0x0282	0x2A87      	GOTO       L_main3
0x0283	0x3008      	MOVLW      8
0x0284	0x00AC      	MOVWF      _col
0x0285	0x3000      	MOVLW      0
0x0286	0x00AD      	MOVWF      _col+1
L_main3:
;midiuart.c,57 :: 		}
0x0287	0x2A63      	GOTO       L_main0
;midiuart.c,58 :: 		}
L_end_main:
0x0288	0x2A88      	GOTO       $+0
; end of _main
Symbol List:
//** Routines locations **
//ADDRESS    SIZE    PROCEDURE
//----------------------------------------------
0x0004     [322]    _Interrupt
0x0146      [10]    _UART1_Write
0x0150      [44]    _Div_16x16_S_L
0x017C       [7]    _____DoICP
0x0183      [16]    _UART1_Init
0x0193     [105]    _Div_16x16_S
0x01FC      [12]    ___CC2DW
0x0208      [15]    _midi_write
0x0217      [25]    _Mul_8X8_U
0x0230      [89]    _main
//** Variables locations ** 
//ADDRESS    SIZE    VARIABLE
//----------------------------------------------
0x0000       [1]    INDF
0x0002       [1]    PCL
0x0003       [1]    STATUS
0x0004       [1]    FSR
0x0005       [1]    PORTA
0x0006       [0]    RB5_bit
0x0006       [0]    RB4_bit
0x0006       [1]    PORTB
0x0006       [0]    RB6_bit
0x0007       [1]    PORTC
0x000A       [1]    PCLATH
0x000B       [1]    INTCON
0x000C       [1]    PIR1
0x0018       [1]    RCSTA
0x0019       [1]    TXREG
0x001A       [1]    RCREG
0x0023       [1]    _chan
0x0024       [3]    _triad
0x0027       [2]    _key
0x0029       [1]    _note
0x002A       [2]    _row
0x002C       [2]    _col
0x002E       [1]    _oct
0x002F       [1]    _vel
0x0030       [2]    _inv
0x0032       [2]    _octu
0x0034       [2]    _chordtype
0x0036       [2]    ___DoICPAddr
0x0038       [1]    ___saveSTATUS
0x0039       [1]    ___savePCLATH
0x003A       [2]    FLOC__Interrupt
0x003C       [1]    FARG_midi_write_type
0x003D       [1]    FARG_midi_write_chnl
0x003E       [1]    FARG_midi_write_data1
0x003F       [1]    FARG_midi_write_data2
0x0040       [1]    FARG_UART1_Write_data_
0x0070       [1]    R0
0x0071       [1]    R1
0x0072       [1]    R2
0x0073       [1]    R3
0x0074       [1]    R4
0x0075       [1]    R5
0x0076       [1]    R6
0x0077       [1]    R7
0x0078       [1]    R8
0x0079       [1]    R9
0x007A       [1]    R10
0x007B       [1]    R11
0x007C       [1]    R12
0x007D       [1]    R13
0x007E       [1]    R14
0x007F       [1]    R15
0x0085       [1]    TRISA
0x0086       [1]    TRISB
0x0086       [0]    TRISB6_bit
0x0086       [0]    TRISB5_bit
0x0086       [0]    TRISB4_bit
0x0087       [1]    TRISC
0x0087       [0]    TRISC7_bit
0x0087       [0]    TRISC6_bit
0x0095       [1]    WPUB
0x0096       [1]    IOCB
0x0098       [1]    TXSTA
0x0099       [1]    SPBRG
0x009A       [1]    SPBRGH
0x0107       [0]    C1ON_bit
0x0108       [0]    C2ON_bit
0x0188       [1]    ANSEL
0x0189       [1]    ANSELH
