;  LST file generated by mikroListExporter - v.2.0 
; Date/Time: 9/9/2017 1:52:19 PM
;----------------------------------------------

;Address Opcode 	ASM
0x0000	0x2960      	GOTO       352
_Div_16x16_U:
;__Lib_Math.c,215 :: 		
;__Lib_Math.c,222 :: 		
0x0003	0x1283      	BCF        STATUS, 5
;__Lib_Math.c,223 :: 		
0x0004	0x1303      	BCF        STATUS, 6
;__Lib_Math.c,224 :: 		
0x0005	0x01F8      	CLRF       R8
;__Lib_Math.c,225 :: 		
0x0006	0x01F9      	CLRF       R9
;__Lib_Math.c,226 :: 		
0x0007	0x3010      	MOVLW      16
;__Lib_Math.c,227 :: 		
0x0008	0x00FC      	MOVWF      R12
;__Lib_Math.c,228 :: 		
0x0009	0x0D71      	RLF        R1, 0
;__Lib_Math.c,229 :: 		
0x000A	0x0DF8      	RLF        R8, 1
;__Lib_Math.c,230 :: 		
0x000B	0x0DF9      	RLF        R9, 1
;__Lib_Math.c,231 :: 		
0x000C	0x0874      	MOVF       R4, 0
;__Lib_Math.c,232 :: 		
0x000D	0x02F8      	SUBWF      R8, 1
;__Lib_Math.c,233 :: 		
0x000E	0x0875      	MOVF       R5, 0
;__Lib_Math.c,234 :: 		
0x000F	0x1C03      	BTFSS      STATUS, 0
;__Lib_Math.c,235 :: 		
0x0010	0x0F75      	INCFSZ     R5, 0
;__Lib_Math.c,236 :: 		
0x0011	0x02F9      	SUBWF      R9, 1
;__Lib_Math.c,237 :: 		
0x0012	0x1803      	BTFSC      STATUS, 0
;__Lib_Math.c,238 :: 		
0x0013	0x281B      	GOTO       $+8
;__Lib_Math.c,239 :: 		
0x0014	0x0874      	MOVF       R4, 0
;__Lib_Math.c,240 :: 		
0x0015	0x07F8      	ADDWF      R8, 1
;__Lib_Math.c,241 :: 		
0x0016	0x0875      	MOVF       R5, 0
;__Lib_Math.c,242 :: 		
0x0017	0x1803      	BTFSC      STATUS, 0
;__Lib_Math.c,243 :: 		
0x0018	0x0F75      	INCFSZ     R5, 0
;__Lib_Math.c,244 :: 		
0x0019	0x07F9      	ADDWF      R9, 1
;__Lib_Math.c,245 :: 		
0x001A	0x1003      	BCF        STATUS, 0
;__Lib_Math.c,246 :: 		
0x001B	0x0DF0      	RLF        R0, 1
;__Lib_Math.c,247 :: 		
0x001C	0x0DF1      	RLF        R1, 1
;__Lib_Math.c,248 :: 		
0x001D	0x0BFC      	DECFSZ     R12, 1
;__Lib_Math.c,249 :: 		
0x001E	0x2809      	GOTO       $-21
;__Lib_Math.c,251 :: 		
L_end_Div_16x16_U:
0x001F	0x0008      	RETURN
; end of _Div_16x16_U
_Delay_1us:
;__Lib_Delays.c,7 :: 		void Delay_1us() {
;__Lib_Delays.c,8 :: 		Delay_us(1);
0x0020	0x0000      	NOP
;__Lib_Delays.c,9 :: 		}
L_end_Delay_1us:
0x0021	0x0008      	RETURN
; end of _Delay_1us
_Delay_22us:
;__Lib_Delays.c,15 :: 		void Delay_22us() {
;__Lib_Delays.c,16 :: 		Delay_us(22);
0x0022	0x3007      	MOVLW      7
0x0023	0x1283      	BCF        STATUS, 5
0x0024	0x1303      	BCF        STATUS, 6
0x0025	0x00FD      	MOVWF      R13
L_Delay_22us1:
0x0026	0x0BFD      	DECFSZ     R13, 1
0x0027	0x2826      	GOTO       L_Delay_22us1
;__Lib_Delays.c,17 :: 		}
L_end_Delay_22us:
0x0028	0x0008      	RETURN
; end of _Delay_22us
_Soft_SPI_Write:
;__Lib_SoftSPI.c,21 :: 		
;__Lib_SoftSPI.c,22 :: 		
0x0029	0x3080      	MOVLW      128
0x002A	0x1683      	BSF        STATUS, 5
0x002B	0x1303      	BCF        STATUS, 6
0x002C	0x00AF      	MOVWF      Soft_SPI_Write_i_L0
;__Lib_SoftSPI.c,24 :: 		
0x002D	0x09AE      	COMF       FARG_Soft_SPI_Write_sdata, 1
;__Lib_SoftSPI.c,25 :: 		
L_Soft_SPI_Write0:
0x002E	0x082F      	MOVF       Soft_SPI_Write_i_L0, 0
0x002F	0x1903      	BTFSC      STATUS, 2
0x0030	0x284A      	GOTO       L_Soft_SPI_Write1
;__Lib_SoftSPI.c,26 :: 		
0x0031	0x082F      	MOVF       Soft_SPI_Write_i_L0, 0
0x0032	0x052E      	ANDWF      FARG_Soft_SPI_Write_sdata, 0
0x0033	0x00F1      	MOVWF      R1
0x0034	0x0871      	MOVF       R1, 0
0x0035	0x3001      	MOVLW      1
0x0036	0x1D03      	BTFSS      STATUS, 2
0x0037	0x3000      	MOVLW      0
0x0038	0x00F0      	MOVWF      R0
0x0039	0x1870      	BTFSC      R0, 0
0x003A	0x283E      	GOTO       L__Soft_SPI_Write7
0x003B	0x1283      	BCF        STATUS, 5
0x003C	0x1387      	BCF        SoftSpi_SDO, BitPos(SoftSpi_SDO+0)
0x003D	0x2840      	GOTO       L__Soft_SPI_Write8
L__Soft_SPI_Write7:
0x003E	0x1283      	BCF        STATUS, 5
0x003F	0x1787      	BSF        SoftSpi_SDO, BitPos(SoftSpi_SDO+0)
L__Soft_SPI_Write8:
;__Lib_SoftSPI.c,27 :: 		
0x0040	0x2020      	CALL       _Delay_1us
;__Lib_SoftSPI.c,28 :: 		
0x0041	0x2020      	CALL       _Delay_1us
;__Lib_SoftSPI.c,29 :: 		
0x0042	0x1706      	BSF        SoftSpi_CLK, BitPos(SoftSpi_CLK+0)
;__Lib_SoftSPI.c,30 :: 		
0x0043	0x2022      	CALL       _Delay_22us
;__Lib_SoftSPI.c,31 :: 		
0x0044	0x1306      	BCF        SoftSpi_CLK, BitPos(SoftSpi_CLK+0)
;__Lib_SoftSPI.c,32 :: 		
0x0045	0x2022      	CALL       _Delay_22us
;__Lib_SoftSPI.c,33 :: 		
0x0046	0x1683      	BSF        STATUS, 5
0x0047	0x0CAF      	RRF        Soft_SPI_Write_i_L0, 1
0x0048	0x13AF      	BCF        Soft_SPI_Write_i_L0, 7
;__Lib_SoftSPI.c,34 :: 		
0x0049	0x282E      	GOTO       L_Soft_SPI_Write0
L_Soft_SPI_Write1:
;__Lib_SoftSPI.c,36 :: 		
L_end_Soft_SPI_Write:
0x004A	0x0008      	RETURN
; end of _Soft_SPI_Write
_UART1_Write:
;__Lib_UART_b75.c,36 :: 		
;__Lib_UART_b75.c,37 :: 		
L_UART1_Write3:
0x004B	0x1683      	BSF        STATUS, 5
0x004C	0x1303      	BCF        STATUS, 6
0x004D	0x1898      	BTFSC      TXSTA, 1
0x004E	0x2851      	GOTO       L_UART1_Write4
;__Lib_UART_b75.c,38 :: 		
0x004F	0x0000      	NOP
0x0050	0x284B      	GOTO       L_UART1_Write3
L_UART1_Write4:
;__Lib_UART_b75.c,39 :: 		
0x0051	0x082E      	MOVF       FARG_UART1_Write_data_, 0
0x0052	0x1283      	BCF        STATUS, 5
0x0053	0x0099      	MOVWF      TXREG
;__Lib_UART_b75.c,40 :: 		
L_end_UART1_Write:
0x0054	0x0008      	RETURN
; end of _UART1_Write
_WordToStr:
;__Lib_Conversions.c,84 :: 		
;__Lib_Conversions.c,89 :: 		
0x0055	0x1683      	BSF        STATUS, 5
0x0056	0x1303      	BCF        STATUS, 6
0x0057	0x01B1      	CLRF       WordToStr_len_L0
L_WordToStr6:
0x0058	0x3005      	MOVLW      5
0x0059	0x0231      	SUBWF      WordToStr_len_L0, 0
0x005A	0x1803      	BTFSC      STATUS, 0
0x005B	0x2863      	GOTO       L_WordToStr7
;__Lib_Conversions.c,90 :: 		
0x005C	0x0831      	MOVF       WordToStr_len_L0, 0
0x005D	0x0730      	ADDWF      FARG_WordToStr_output, 0
0x005E	0x0084      	MOVWF      FSR
0x005F	0x3020      	MOVLW      32
0x0060	0x0080      	MOVWF      INDF
;__Lib_Conversions.c,89 :: 		
0x0061	0x0AB1      	INCF       WordToStr_len_L0, 1
;__Lib_Conversions.c,90 :: 		
0x0062	0x2858      	GOTO       L_WordToStr6
L_WordToStr7:
;__Lib_Conversions.c,91 :: 		
0x0063	0x0831      	MOVF       WordToStr_len_L0, 0
0x0064	0x0730      	ADDWF      FARG_WordToStr_output, 0
0x0065	0x0084      	MOVWF      FSR
0x0066	0x0180      	CLRF       INDF
0x0067	0x03B1      	DECF       WordToStr_len_L0, 1
;__Lib_Conversions.c,93 :: 		
L_WordToStr9:
;__Lib_Conversions.c,94 :: 		
0x0068	0x0831      	MOVF       WordToStr_len_L0, 0
0x0069	0x0730      	ADDWF      FARG_WordToStr_output, 0
0x006A	0x00B2      	MOVWF      FLOC__WordToStr
0x006B	0x300A      	MOVLW      10
0x006C	0x00F4      	MOVWF      R4
0x006D	0x01F5      	CLRF       R4+1
0x006E	0x082E      	MOVF       FARG_WordToStr_input, 0
0x006F	0x00F0      	MOVWF      R0
0x0070	0x082F      	MOVF       FARG_WordToStr_input+1, 0
0x0071	0x00F1      	MOVWF      R0+1
0x0072	0x2003      	CALL       _Div_16x16_U
0x0073	0x0878      	MOVF       R8, 0
0x0074	0x00F0      	MOVWF      R0
0x0075	0x0879      	MOVF       R8+1, 0
0x0076	0x00F1      	MOVWF      R0+1
0x0077	0x3030      	MOVLW      48
0x0078	0x07F0      	ADDWF      R0, 1
0x0079	0x1683      	BSF        STATUS, 5
0x007A	0x0832      	MOVF       FLOC__WordToStr, 0
0x007B	0x0084      	MOVWF      FSR
0x007C	0x0870      	MOVF       R0, 0
0x007D	0x0080      	MOVWF      INDF
;__Lib_Conversions.c,95 :: 		
0x007E	0x300A      	MOVLW      10
0x007F	0x00F4      	MOVWF      R4
0x0080	0x01F5      	CLRF       R4+1
0x0081	0x082E      	MOVF       FARG_WordToStr_input, 0
0x0082	0x00F0      	MOVWF      R0
0x0083	0x082F      	MOVF       FARG_WordToStr_input+1, 0
0x0084	0x00F1      	MOVWF      R0+1
0x0085	0x2003      	CALL       _Div_16x16_U
0x0086	0x0870      	MOVF       R0, 0
0x0087	0x1683      	BSF        STATUS, 5
0x0088	0x00AE      	MOVWF      FARG_WordToStr_input
0x0089	0x0871      	MOVF       R0+1, 0
0x008A	0x00AF      	MOVWF      FARG_WordToStr_input+1
;__Lib_Conversions.c,96 :: 		
0x008B	0x3000      	MOVLW      0
0x008C	0x0671      	XORWF      R0+1, 0
0x008D	0x1D03      	BTFSS      STATUS, 2
0x008E	0x2891      	GOTO       L__WordToStr109
0x008F	0x3000      	MOVLW      0
0x0090	0x0670      	XORWF      R0, 0
L__WordToStr109:
0x0091	0x1D03      	BTFSS      STATUS, 2
0x0092	0x2894      	GOTO       L_WordToStr11
;__Lib_Conversions.c,97 :: 		
0x0093	0x2896      	GOTO       L_WordToStr10
L_WordToStr11:
;__Lib_Conversions.c,98 :: 		
0x0094	0x03B1      	DECF       WordToStr_len_L0, 1
;__Lib_Conversions.c,99 :: 		
0x0095	0x2868      	GOTO       L_WordToStr9
L_WordToStr10:
;__Lib_Conversions.c,100 :: 		
L_end_WordToStr:
0x0096	0x0008      	RETURN
; end of _WordToStr
_____DoICP:
;__Lib_System.c,6 :: 		
;__Lib_System.c,9 :: 		
0x0097	0x1683      	BSF        STATUS, 5
0x0098	0x1303      	BCF        STATUS, 6
0x0099	0x0821      	MOVF       ___DoICPAddr+1, 0
0x009A	0x008A      	MOVWF      PCLATH
;__Lib_System.c,10 :: 		
0x009B	0x0820      	MOVF       ___DoICPAddr, 0
0x009C	0x0082      	MOVWF      PCL
;__Lib_System.c,12 :: 		
L_end_____DoICP:
0x009D	0x0008      	RETURN
; end of _____DoICP
_UART1_Data_Ready:
;__Lib_UART_b75.c,14 :: 		
;__Lib_UART_b75.c,15 :: 		
0x009E	0x3000      	MOVLW      0
0x009F	0x1283      	BCF        STATUS, 5
0x00A0	0x1303      	BCF        STATUS, 6
0x00A1	0x1A8C      	BTFSC      PIR1, 5
0x00A2	0x3001      	MOVLW      1
0x00A3	0x00F0      	MOVWF      R0
;__Lib_UART_b75.c,16 :: 		
L_end_UART1_Data_Ready:
0x00A4	0x0008      	RETURN
; end of _UART1_Data_Ready
_UART1_Init:
;__Lib_UART_b75.c,2 :: 		
;__Lib_UART_b75.c,5 :: 		
0x00A5	0x1683      	BSF        STATUS, 5
0x00A6	0x1303      	BCF        STATUS, 6
0x00A7	0x1698      	BSF        TXSTA, 5
;__Lib_UART_b75.c,6 :: 		
0x00A8	0x3090      	MOVLW      144
0x00A9	0x1283      	BCF        STATUS, 5
0x00AA	0x0098      	MOVWF      RCSTA
;__Lib_UART_b75.c,7 :: 		
0x00AB	0x1683      	BSF        STATUS, 5
0x00AC	0x1686      	BSF        TRISB5_bit, 5
;__Lib_UART_b75.c,8 :: 		
0x00AD	0x1386      	BCF        TRISB7_bit, 7
;__Lib_UART_b75.c,9 :: 		
L_UART1_Init0:
0x00AE	0x1283      	BCF        STATUS, 5
0x00AF	0x1E8C      	BTFSS      PIR1, 5
0x00B0	0x28B4      	GOTO       L_UART1_Init1
;__Lib_UART_b75.c,10 :: 		
0x00B1	0x081A      	MOVF       RCREG, 0
0x00B2	0x00F0      	MOVWF      R0
0x00B3	0x28AE      	GOTO       L_UART1_Init0
L_UART1_Init1:
;__Lib_UART_b75.c,11 :: 		
L_end_UART1_Init:
0x00B4	0x0008      	RETURN
; end of _UART1_Init
_set_pot:
;signalgen.c,20 :: 		void set_pot(int value, int control) {
;signalgen.c,24 :: 		Soft_SPI_Write(control);
0x00B5	0x1683      	BSF        STATUS, 5
0x00B6	0x1303      	BCF        STATUS, 6
0x00B7	0x0827      	MOVF       FARG_set_pot_control, 0
0x00B8	0x00AE      	MOVWF      FARG_Soft_SPI_Write_sdata
0x00B9	0x2029      	CALL       _Soft_SPI_Write
;signalgen.c,25 :: 		Soft_SPI_Write(value);
0x00BA	0x0825      	MOVF       FARG_set_pot_value, 0
0x00BB	0x00AE      	MOVWF      FARG_Soft_SPI_Write_sdata
0x00BC	0x2029      	CALL       _Soft_SPI_Write
;signalgen.c,26 :: 		}
L_end_set_pot:
0x00BD	0x0008      	RETURN
; end of _set_pot
_UART1_Read:
;__Lib_UART_b75.c,19 :: 		
;__Lib_UART_b75.c,22 :: 		
0x00BE	0x1283      	BCF        STATUS, 5
0x00BF	0x1303      	BCF        STATUS, 6
0x00C0	0x081A      	MOVF       RCREG, 0
0x00C1	0x00F1      	MOVWF      R1
;__Lib_UART_b75.c,23 :: 		
0x00C2	0x1C98      	BTFSS      RCSTA, 1
0x00C3	0x28C6      	GOTO       L_UART1_Read2
;__Lib_UART_b75.c,24 :: 		
0x00C4	0x1218      	BCF        RCSTA, 4
;__Lib_UART_b75.c,25 :: 		
0x00C5	0x1618      	BSF        RCSTA, 4
;__Lib_UART_b75.c,26 :: 		
L_UART1_Read2:
;__Lib_UART_b75.c,27 :: 		
0x00C6	0x0871      	MOVF       R1, 0
0x00C7	0x00F0      	MOVWF      R0
;__Lib_UART_b75.c,28 :: 		
L_end_UART1_Read:
0x00C8	0x0008      	RETURN
; end of _UART1_Read
_Soft_SPI_Init:
;__Lib_SoftSPI.c,11 :: 		
;__Lib_SoftSPI.c,12 :: 		
0x00C9	0x1683      	BSF        STATUS, 5
0x00CA	0x1303      	BCF        STATUS, 6
0x00CB	0x1606      	BSF        SoftSpi_SDI_Direction, BitPos(SoftSpi_SDI_Direction+0)
;__Lib_SoftSPI.c,13 :: 		
0x00CC	0x1387      	BCF        SoftSpi_SDO_Direction, BitPos(SoftSpi_SDO_Direction+0)
;__Lib_SoftSPI.c,14 :: 		
0x00CD	0x1306      	BCF        SoftSpi_CLK_Direction, BitPos(SoftSpi_CLK_Direction+0)
;__Lib_SoftSPI.c,16 :: 		
0x00CE	0x1283      	BCF        STATUS, 5
0x00CF	0x1206      	BCF        SoftSpi_SDI, BitPos(SoftSpi_SDI+0)
;__Lib_SoftSPI.c,17 :: 		
0x00D0	0x1387      	BCF        SoftSpi_SDO, BitPos(SoftSpi_SDO+0)
;__Lib_SoftSPI.c,18 :: 		
0x00D1	0x1306      	BCF        SoftSpi_CLK, BitPos(SoftSpi_CLK+0)
;__Lib_SoftSPI.c,19 :: 		
L_end_Soft_SPI_Init:
0x00D2	0x0008      	RETURN
; end of _Soft_SPI_Init
_PrintAString:
;signalgen.c,27 :: 		void PrintAString(char string[]) {
;signalgen.c,29 :: 		for(k=0;string[k]!=0;k++) // Recall: String is an array terminated by zero
0x00D3	0x1683      	BSF        STATUS, 5
0x00D4	0x1303      	BCF        STATUS, 6
0x00D5	0x01A6      	CLRF       PrintAString_k_L0
0x00D6	0x01A7      	CLRF       PrintAString_k_L0+1
L_PrintAString0:
0x00D7	0x0826      	MOVF       PrintAString_k_L0, 0
0x00D8	0x0725      	ADDWF      FARG_PrintAString_string, 0
0x00D9	0x0084      	MOVWF      FSR
0x00DA	0x0800      	MOVF       INDF, 0
0x00DB	0x3A00      	XORLW      0
0x00DC	0x1903      	BTFSC      STATUS, 2
0x00DD	0x28E9      	GOTO       L_PrintAString1
;signalgen.c,30 :: 		Uart1_Write(string[k]);
0x00DE	0x0826      	MOVF       PrintAString_k_L0, 0
0x00DF	0x0725      	ADDWF      FARG_PrintAString_string, 0
0x00E0	0x0084      	MOVWF      FSR
0x00E1	0x0800      	MOVF       INDF, 0
0x00E2	0x00AE      	MOVWF      FARG_UART1_Write_data_
0x00E3	0x204B      	CALL       _UART1_Write
;signalgen.c,29 :: 		for(k=0;string[k]!=0;k++) // Recall: String is an array terminated by zero
0x00E4	0x1683      	BSF        STATUS, 5
0x00E5	0x0AA6      	INCF       PrintAString_k_L0, 1
0x00E6	0x1903      	BTFSC      STATUS, 2
0x00E7	0x0AA7      	INCF       PrintAString_k_L0+1, 1
;signalgen.c,30 :: 		Uart1_Write(string[k]);
0x00E8	0x28D7      	GOTO       L_PrintAString0
L_PrintAString1:
;signalgen.c,31 :: 		}
L_end_PrintAString:
0x00E9	0x0008      	RETURN
; end of _PrintAString
___CC2DW:
;__Lib_System.c,134 :: 		
;__Lib_System.c,137 :: 		
_CC2D_Loop1:
;__Lib_System.c,139 :: 		
0x00EA	0x2097      	CALL       _____DoICP
0x00EB	0x118A      	BCF        PCLATH, 3
0x00EC	0x120A      	BCF        PCLATH, 4
;__Lib_System.c,141 :: 		
0x00ED	0x0080      	MOVWF      INDF
;__Lib_System.c,142 :: 		
0x00EE	0x0A84      	INCF       FSR, 1
;__Lib_System.c,143 :: 		
0x00EF	0x0AA0      	INCF       ___DoICPAddr, 1
;__Lib_System.c,145 :: 		
0x00F0	0x1903      	BTFSC      STATUS, 2
;__Lib_System.c,146 :: 		
0x00F1	0x0AA1      	INCF       ___DoICPAddr+1, 1
;__Lib_System.c,147 :: 		
0x00F2	0x03F0      	DECF       R0, 1
;__Lib_System.c,149 :: 		
0x00F3	0x1D03      	BTFSS      STATUS, 2
;__Lib_System.c,150 :: 		
0x00F4	0x28EA      	GOTO       _CC2D_Loop1
;__Lib_System.c,152 :: 		
L_end___CC2DW:
0x00F5	0x0008      	RETURN
; end of ___CC2DW
_IntToStr:
;__Lib_Conversions.c,146 :: 		
;__Lib_Conversions.c,152 :: 		
0x00F6	0x1683      	BSF        STATUS, 5
0x00F7	0x1303      	BCF        STATUS, 6
0x00F8	0x01AA      	CLRF       IntToStr_negative_L0
0x00F9	0x01AB      	CLRF       IntToStr_negative_L0+1
;__Lib_Conversions.c,153 :: 		
0x00FA	0x0825      	MOVF       FARG_IntToStr_input, 0
0x00FB	0x00AC      	MOVWF      IntToStr_inword_L0
0x00FC	0x0826      	MOVF       FARG_IntToStr_input+1, 0
0x00FD	0x00AD      	MOVWF      IntToStr_inword_L0+1
;__Lib_Conversions.c,154 :: 		
0x00FE	0x3080      	MOVLW      128
0x00FF	0x0626      	XORWF      FARG_IntToStr_input+1, 0
0x0100	0x00F0      	MOVWF      R0
0x0101	0x3080      	MOVLW      128
0x0102	0x0270      	SUBWF      R0, 0
0x0103	0x1D03      	BTFSS      STATUS, 2
0x0104	0x2907      	GOTO       L__IntToStr115
0x0105	0x3000      	MOVLW      0
0x0106	0x0225      	SUBWF      FARG_IntToStr_input, 0
L__IntToStr115:
0x0107	0x1803      	BTFSC      STATUS, 0
0x0108	0x2915      	GOTO       L_IntToStr23
;__Lib_Conversions.c,155 :: 		
0x0109	0x3001      	MOVLW      1
0x010A	0x00AA      	MOVWF      IntToStr_negative_L0
0x010B	0x3000      	MOVLW      0
0x010C	0x00AB      	MOVWF      IntToStr_negative_L0+1
;__Lib_Conversions.c,156 :: 		
0x010D	0x0825      	MOVF       FARG_IntToStr_input, 0
0x010E	0x3C00      	SUBLW      0
0x010F	0x00AC      	MOVWF      IntToStr_inword_L0
0x0110	0x0826      	MOVF       FARG_IntToStr_input+1, 0
0x0111	0x1C03      	BTFSS      STATUS, 0
0x0112	0x3E01      	ADDLW      1
0x0113	0x01AD      	CLRF       IntToStr_inword_L0+1
0x0114	0x02AD      	SUBWF      IntToStr_inword_L0+1, 1
;__Lib_Conversions.c,157 :: 		
L_IntToStr23:
;__Lib_Conversions.c,158 :: 		
0x0115	0x082C      	MOVF       IntToStr_inword_L0, 0
0x0116	0x00AE      	MOVWF      FARG_WordToStr_input
0x0117	0x082D      	MOVF       IntToStr_inword_L0+1, 0
0x0118	0x00AF      	MOVWF      FARG_WordToStr_input+1
0x0119	0x0827      	MOVF       FARG_IntToStr_output, 0
0x011A	0x00B0      	MOVWF      FARG_WordToStr_output
0x011B	0x2055      	CALL       _WordToStr
;__Lib_Conversions.c,160 :: 		
0x011C	0x3006      	MOVLW      6
0x011D	0x00A8      	MOVWF      IntToStr_i_L0
0x011E	0x3000      	MOVLW      0
0x011F	0x00A9      	MOVWF      IntToStr_i_L0+1
;__Lib_Conversions.c,161 :: 		
L_IntToStr24:
0x0120	0x0829      	MOVF       IntToStr_i_L0+1, 0
0x0121	0x3C00      	SUBLW      0
0x0122	0x1D03      	BTFSS      STATUS, 2
0x0123	0x2926      	GOTO       L__IntToStr116
0x0124	0x0828      	MOVF       IntToStr_i_L0, 0
0x0125	0x3C00      	SUBLW      0
L__IntToStr116:
0x0126	0x1803      	BTFSC      STATUS, 0
0x0127	0x2941      	GOTO       L_IntToStr25
;__Lib_Conversions.c,162 :: 		
0x0128	0x0828      	MOVF       IntToStr_i_L0, 0
0x0129	0x0727      	ADDWF      FARG_IntToStr_output, 0
0x012A	0x00F2      	MOVWF      R2
0x012B	0x3001      	MOVLW      1
0x012C	0x0228      	SUBWF      IntToStr_i_L0, 0
0x012D	0x00F0      	MOVWF      R0
0x012E	0x3000      	MOVLW      0
0x012F	0x1C03      	BTFSS      STATUS, 0
0x0130	0x3E01      	ADDLW      1
0x0131	0x0229      	SUBWF      IntToStr_i_L0+1, 0
0x0132	0x00F1      	MOVWF      R0+1
0x0133	0x0870      	MOVF       R0, 0
0x0134	0x0727      	ADDWF      FARG_IntToStr_output, 0
0x0135	0x0084      	MOVWF      FSR
0x0136	0x0800      	MOVF       INDF, 0
0x0137	0x00F0      	MOVWF      R0
0x0138	0x0872      	MOVF       R2, 0
0x0139	0x0084      	MOVWF      FSR
0x013A	0x0870      	MOVF       R0, 0
0x013B	0x0080      	MOVWF      INDF
;__Lib_Conversions.c,163 :: 		
0x013C	0x3001      	MOVLW      1
0x013D	0x02A8      	SUBWF      IntToStr_i_L0, 1
0x013E	0x1C03      	BTFSS      STATUS, 0
0x013F	0x03A9      	DECF       IntToStr_i_L0+1, 1
;__Lib_Conversions.c,164 :: 		
0x0140	0x2920      	GOTO       L_IntToStr24
L_IntToStr25:
;__Lib_Conversions.c,165 :: 		
0x0141	0x0827      	MOVF       FARG_IntToStr_output, 0
0x0142	0x0084      	MOVWF      FSR
0x0143	0x3020      	MOVLW      32
0x0144	0x0080      	MOVWF      INDF
;__Lib_Conversions.c,166 :: 		
0x0145	0x082A      	MOVF       IntToStr_negative_L0, 0
0x0146	0x042B      	IORWF      IntToStr_negative_L0+1, 0
0x0147	0x1903      	BTFSC      STATUS, 2
0x0148	0x295F      	GOTO       L_IntToStr26
;__Lib_Conversions.c,167 :: 		
0x0149	0x01A8      	CLRF       IntToStr_i_L0
0x014A	0x01A9      	CLRF       IntToStr_i_L0+1
;__Lib_Conversions.c,168 :: 		
L_IntToStr27:
0x014B	0x0828      	MOVF       IntToStr_i_L0, 0
0x014C	0x0727      	ADDWF      FARG_IntToStr_output, 0
0x014D	0x0084      	MOVWF      FSR
0x014E	0x0800      	MOVF       INDF, 0
0x014F	0x3A20      	XORLW      32
0x0150	0x1D03      	BTFSS      STATUS, 2
0x0151	0x2956      	GOTO       L_IntToStr28
0x0152	0x0AA8      	INCF       IntToStr_i_L0, 1
0x0153	0x1903      	BTFSC      STATUS, 2
0x0154	0x0AA9      	INCF       IntToStr_i_L0+1, 1
0x0155	0x294B      	GOTO       L_IntToStr27
L_IntToStr28:
;__Lib_Conversions.c,169 :: 		
0x0156	0x3001      	MOVLW      1
0x0157	0x02A8      	SUBWF      IntToStr_i_L0, 1
0x0158	0x1C03      	BTFSS      STATUS, 0
0x0159	0x03A9      	DECF       IntToStr_i_L0+1, 1
;__Lib_Conversions.c,170 :: 		
0x015A	0x0828      	MOVF       IntToStr_i_L0, 0
0x015B	0x0727      	ADDWF      FARG_IntToStr_output, 0
0x015C	0x0084      	MOVWF      FSR
0x015D	0x302D      	MOVLW      45
0x015E	0x0080      	MOVWF      INDF
L_IntToStr26:
;__Lib_Conversions.c,171 :: 		
L_end_IntToStr:
0x015F	0x0008      	RETURN
; end of _IntToStr
_main:
0x0160	0x2284      	CALL       644
;signalgen.c,53 :: 		void main() {
;signalgen.c,56 :: 		TRISC = 0xFF;
0x0161	0x30FF      	MOVLW      255
0x0162	0x1683      	BSF        STATUS, 5
0x0163	0x1303      	BCF        STATUS, 6
0x0164	0x0087      	MOVWF      TRISC
;signalgen.c,57 :: 		TRISB = 0xFF;
0x0165	0x30FF      	MOVLW      255
0x0166	0x0086      	MOVWF      TRISB
;signalgen.c,58 :: 		TRISA = 0xFF;
0x0167	0x30FF      	MOVLW      255
0x0168	0x0085      	MOVWF      TRISA
;signalgen.c,59 :: 		ANSEL = 0x00;
0x0169	0x1283      	BCF        STATUS, 5
0x016A	0x1703      	BSF        STATUS, 6
0x016B	0x019E      	CLRF       ANSEL
;signalgen.c,60 :: 		ANSELH = 0x00;
0x016C	0x019F      	CLRF       ANSELH
;signalgen.c,61 :: 		C1ON_bit = 0;
0x016D	0x1399      	BCF        C1ON_bit, 7
;signalgen.c,62 :: 		C2ON_bit = 0;
0x016E	0x139A      	BCF        C2ON_bit, 7
;signalgen.c,63 :: 		Soft_SPI_Init();
0x016F	0x20C9      	CALL       _Soft_SPI_Init
;signalgen.c,64 :: 		Uart1_Init(9600);
0x0170	0x3019      	MOVLW      25
0x0171	0x1683      	BSF        STATUS, 5
0x0172	0x0099      	MOVWF      SPBRG
0x0173	0x1518      	BSF        TXSTA, 2
0x0174	0x20A5      	CALL       _UART1_Init
;signalgen.c,65 :: 		INTCON = 0;
0x0175	0x018B      	CLRF       INTCON
;signalgen.c,66 :: 		for(a=0;  a<130; a++)
0x0176	0x1683      	BSF        STATUS, 5
0x0177	0x01A3      	CLRF       main_a_L0
0x0178	0x01A4      	CLRF       main_a_L0+1
L_main24:
0x0179	0x3080      	MOVLW      128
0x017A	0x0624      	XORWF      main_a_L0+1, 0
0x017B	0x00F0      	MOVWF      R0
0x017C	0x3080      	MOVLW      128
0x017D	0x0270      	SUBWF      R0, 0
0x017E	0x1D03      	BTFSS      STATUS, 2
0x017F	0x2982      	GOTO       L__main56
0x0180	0x3082      	MOVLW      130
0x0181	0x0223      	SUBWF      main_a_L0, 0
L__main56:
0x0182	0x1803      	BTFSC      STATUS, 0
0x0183	0x298C      	GOTO       L_main25
;signalgen.c,67 :: 		Uart1_Write('a');
0x0184	0x3061      	MOVLW      97
0x0185	0x00AE      	MOVWF      FARG_UART1_Write_data_
0x0186	0x204B      	CALL       _UART1_Write
;signalgen.c,66 :: 		for(a=0;  a<130; a++)
0x0187	0x1683      	BSF        STATUS, 5
0x0188	0x0AA3      	INCF       main_a_L0, 1
0x0189	0x1903      	BTFSC      STATUS, 2
0x018A	0x0AA4      	INCF       main_a_L0+1, 1
;signalgen.c,67 :: 		Uart1_Write('a');
0x018B	0x2979      	GOTO       L_main24
L_main25:
;signalgen.c,68 :: 		set_pot(WiperValue,WRITEWIPE0);
0x018C	0x1283      	BCF        STATUS, 5
0x018D	0x0820      	MOVF       _WiperValue, 0
0x018E	0x1683      	BSF        STATUS, 5
0x018F	0x00A5      	MOVWF      FARG_set_pot_value
0x0190	0x1283      	BCF        STATUS, 5
0x0191	0x0821      	MOVF       _WiperValue+1, 0
0x0192	0x1683      	BSF        STATUS, 5
0x0193	0x00A6      	MOVWF      FARG_set_pot_value+1
0x0194	0x01A7      	CLRF       FARG_set_pot_control
0x0195	0x01A8      	CLRF       FARG_set_pot_control+1
0x0196	0x20B5      	CALL       _set_pot
;signalgen.c,69 :: 		for(a=0;  a<130; a++)
0x0197	0x01A3      	CLRF       main_a_L0
0x0198	0x01A4      	CLRF       main_a_L0+1
L_main27:
0x0199	0x3080      	MOVLW      128
0x019A	0x0624      	XORWF      main_a_L0+1, 0
0x019B	0x00F0      	MOVWF      R0
0x019C	0x3080      	MOVLW      128
0x019D	0x0270      	SUBWF      R0, 0
0x019E	0x1D03      	BTFSS      STATUS, 2
0x019F	0x29A2      	GOTO       L__main57
0x01A0	0x3082      	MOVLW      130
0x01A1	0x0223      	SUBWF      main_a_L0, 0
L__main57:
0x01A2	0x1803      	BTFSC      STATUS, 0
0x01A3	0x29AC      	GOTO       L_main28
;signalgen.c,70 :: 		Uart1_Write('a');
0x01A4	0x3061      	MOVLW      97
0x01A5	0x00AE      	MOVWF      FARG_UART1_Write_data_
0x01A6	0x204B      	CALL       _UART1_Write
;signalgen.c,69 :: 		for(a=0;  a<130; a++)
0x01A7	0x1683      	BSF        STATUS, 5
0x01A8	0x0AA3      	INCF       main_a_L0, 1
0x01A9	0x1903      	BTFSC      STATUS, 2
0x01AA	0x0AA4      	INCF       main_a_L0+1, 1
;signalgen.c,70 :: 		Uart1_Write('a');
0x01AB	0x2999      	GOTO       L_main27
L_main28:
;signalgen.c,71 :: 		Delay_ms(2000);
0x01AC	0x300B      	MOVLW      11
0x01AD	0x00FB      	MOVWF      R11
0x01AE	0x3026      	MOVLW      38
0x01AF	0x00FC      	MOVWF      R12
0x01B0	0x305D      	MOVLW      93
0x01B1	0x00FD      	MOVWF      R13
L_main30:
0x01B2	0x0BFD      	DECFSZ     R13, 1
0x01B3	0x29B2      	GOTO       L_main30
0x01B4	0x0BFC      	DECFSZ     R12, 1
0x01B5	0x29B2      	GOTO       L_main30
0x01B6	0x0BFB      	DECFSZ     R11, 1
0x01B7	0x29B2      	GOTO       L_main30
0x01B8	0x0000      	NOP
0x01B9	0x0000      	NOP
;signalgen.c,72 :: 		while(1){
L_main31:
;signalgen.c,73 :: 		PrintAString(prompt);
0x01BA	0x302E      	MOVLW      _prompt
0x01BB	0x00A5      	MOVWF      FARG_PrintAString_string
0x01BC	0x20D3      	CALL       _PrintAString
;signalgen.c,74 :: 		while(!Uart1_Data_Ready());
L_main33:
0x01BD	0x209E      	CALL       _UART1_Data_Ready
0x01BE	0x0870      	MOVF       R0, 0
0x01BF	0x1D03      	BTFSS      STATUS, 2
0x01C0	0x29C2      	GOTO       L_main34
0x01C1	0x29BD      	GOTO       L_main33
L_main34:
;signalgen.c,75 :: 		input = Uart1_Read();
0x01C2	0x20BE      	CALL       _UART1_Read
0x01C3	0x0870      	MOVF       R0, 0
0x01C4	0x1683      	BSF        STATUS, 5
0x01C5	0x00A2      	MOVWF      main_input_L0
;signalgen.c,76 :: 		if(input == 'a') {
0x01C6	0x0870      	MOVF       R0, 0
0x01C7	0x3A61      	XORLW      97
0x01C8	0x1D03      	BTFSS      STATUS, 2
0x01C9	0x29F1      	GOTO       L_main35
;signalgen.c,77 :: 		if(WiperValue<128) WiperValue++;
0x01CA	0x3080      	MOVLW      128
0x01CB	0x1283      	BCF        STATUS, 5
0x01CC	0x0621      	XORWF      _WiperValue+1, 0
0x01CD	0x00F0      	MOVWF      R0
0x01CE	0x3080      	MOVLW      128
0x01CF	0x0270      	SUBWF      R0, 0
0x01D0	0x1D03      	BTFSS      STATUS, 2
0x01D1	0x29D4      	GOTO       L__main58
0x01D2	0x3080      	MOVLW      128
0x01D3	0x0220      	SUBWF      _WiperValue, 0
L__main58:
0x01D4	0x1803      	BTFSC      STATUS, 0
0x01D5	0x29D9      	GOTO       L_main36
0x01D6	0x0AA0      	INCF       _WiperValue, 1
0x01D7	0x1903      	BTFSC      STATUS, 2
0x01D8	0x0AA1      	INCF       _WiperValue+1, 1
L_main36:
;signalgen.c,78 :: 		set_pot(WiperValue,WRITEWIPE0);
0x01D9	0x0820      	MOVF       _WiperValue, 0
0x01DA	0x1683      	BSF        STATUS, 5
0x01DB	0x00A5      	MOVWF      FARG_set_pot_value
0x01DC	0x1283      	BCF        STATUS, 5
0x01DD	0x0821      	MOVF       _WiperValue+1, 0
0x01DE	0x1683      	BSF        STATUS, 5
0x01DF	0x00A6      	MOVWF      FARG_set_pot_value+1
0x01E0	0x01A7      	CLRF       FARG_set_pot_control
0x01E1	0x01A8      	CLRF       FARG_set_pot_control+1
0x01E2	0x20B5      	CALL       _set_pot
;signalgen.c,79 :: 		set_pot(WiperValue,WRITEWIPE1);
0x01E3	0x1283      	BCF        STATUS, 5
0x01E4	0x0820      	MOVF       _WiperValue, 0
0x01E5	0x1683      	BSF        STATUS, 5
0x01E6	0x00A5      	MOVWF      FARG_set_pot_value
0x01E7	0x1283      	BCF        STATUS, 5
0x01E8	0x0821      	MOVF       _WiperValue+1, 0
0x01E9	0x1683      	BSF        STATUS, 5
0x01EA	0x00A6      	MOVWF      FARG_set_pot_value+1
0x01EB	0x3010      	MOVLW      16
0x01EC	0x00A7      	MOVWF      FARG_set_pot_control
0x01ED	0x3000      	MOVLW      0
0x01EE	0x00A8      	MOVWF      FARG_set_pot_control+1
0x01EF	0x20B5      	CALL       _set_pot
;signalgen.c,80 :: 		}
0x01F0	0x2A20      	GOTO       L_main37
L_main35:
;signalgen.c,81 :: 		else if(input == 'z') {
0x01F1	0x0822      	MOVF       main_input_L0, 0
0x01F2	0x3A7A      	XORLW      122
0x01F3	0x1D03      	BTFSS      STATUS, 2
0x01F4	0x2A1D      	GOTO       L_main38
;signalgen.c,82 :: 		if(WiperValue>0) WiperValue--;
0x01F5	0x3080      	MOVLW      128
0x01F6	0x00F0      	MOVWF      R0
0x01F7	0x3080      	MOVLW      128
0x01F8	0x1283      	BCF        STATUS, 5
0x01F9	0x0621      	XORWF      _WiperValue+1, 0
0x01FA	0x0270      	SUBWF      R0, 0
0x01FB	0x1D03      	BTFSS      STATUS, 2
0x01FC	0x29FF      	GOTO       L__main59
0x01FD	0x0820      	MOVF       _WiperValue, 0
0x01FE	0x3C00      	SUBLW      0
L__main59:
0x01FF	0x1803      	BTFSC      STATUS, 0
0x0200	0x2A05      	GOTO       L_main39
0x0201	0x3001      	MOVLW      1
0x0202	0x02A0      	SUBWF      _WiperValue, 1
0x0203	0x1C03      	BTFSS      STATUS, 0
0x0204	0x03A1      	DECF       _WiperValue+1, 1
L_main39:
;signalgen.c,83 :: 		set_pot(WiperValue,WRITEWIPE0);
0x0205	0x0820      	MOVF       _WiperValue, 0
0x0206	0x1683      	BSF        STATUS, 5
0x0207	0x00A5      	MOVWF      FARG_set_pot_value
0x0208	0x1283      	BCF        STATUS, 5
0x0209	0x0821      	MOVF       _WiperValue+1, 0
0x020A	0x1683      	BSF        STATUS, 5
0x020B	0x00A6      	MOVWF      FARG_set_pot_value+1
0x020C	0x01A7      	CLRF       FARG_set_pot_control
0x020D	0x01A8      	CLRF       FARG_set_pot_control+1
0x020E	0x20B5      	CALL       _set_pot
;signalgen.c,84 :: 		set_pot(WiperValue,WRITEWIPE1);
0x020F	0x1283      	BCF        STATUS, 5
0x0210	0x0820      	MOVF       _WiperValue, 0
0x0211	0x1683      	BSF        STATUS, 5
0x0212	0x00A5      	MOVWF      FARG_set_pot_value
0x0213	0x1283      	BCF        STATUS, 5
0x0214	0x0821      	MOVF       _WiperValue+1, 0
0x0215	0x1683      	BSF        STATUS, 5
0x0216	0x00A6      	MOVWF      FARG_set_pot_value+1
0x0217	0x3010      	MOVLW      16
0x0218	0x00A7      	MOVWF      FARG_set_pot_control
0x0219	0x3000      	MOVLW      0
0x021A	0x00A8      	MOVWF      FARG_set_pot_control+1
0x021B	0x20B5      	CALL       _set_pot
;signalgen.c,85 :: 		}
0x021C	0x2A20      	GOTO       L_main40
L_main38:
;signalgen.c,86 :: 		else PrintAString(error);
0x021D	0x3054      	MOVLW      _error
0x021E	0x00A5      	MOVWF      FARG_PrintAString_string
0x021F	0x20D3      	CALL       _PrintAString
L_main40:
L_main37:
;signalgen.c,87 :: 		PrintAstring(crlf);
0x0220	0x3022      	MOVLW      _crlf
0x0221	0x00A5      	MOVWF      FARG_PrintAString_string
0x0222	0x20D3      	CALL       _PrintAString
;signalgen.c,88 :: 		PrintAstring(freqValue);
0x0223	0x3025      	MOVLW      _freqValue
0x0224	0x00A5      	MOVWF      FARG_PrintAString_string
0x0225	0x20D3      	CALL       _PrintAString
;signalgen.c,89 :: 		InttoStr(WiperValue,temp);
0x0226	0x1283      	BCF        STATUS, 5
0x0227	0x0820      	MOVF       _WiperValue, 0
0x0228	0x1683      	BSF        STATUS, 5
0x0229	0x00A5      	MOVWF      FARG_IntToStr_input
0x022A	0x1283      	BCF        STATUS, 5
0x022B	0x0821      	MOVF       _WiperValue+1, 0
0x022C	0x1683      	BSF        STATUS, 5
0x022D	0x00A6      	MOVWF      FARG_IntToStr_input+1
0x022E	0x3066      	MOVLW      _temp
0x022F	0x00A7      	MOVWF      FARG_IntToStr_output
0x0230	0x20F6      	CALL       _IntToStr
;signalgen.c,90 :: 		PrintAString(temp);
0x0231	0x3066      	MOVLW      _temp
0x0232	0x00A5      	MOVWF      FARG_PrintAString_string
0x0233	0x20D3      	CALL       _PrintAString
;signalgen.c,91 :: 		PrintAstring(crlf);
0x0234	0x3022      	MOVLW      _crlf
0x0235	0x00A5      	MOVWF      FARG_PrintAString_string
0x0236	0x20D3      	CALL       _PrintAString
;signalgen.c,92 :: 		}
0x0237	0x29BA      	GOTO       L_main31
;signalgen.c,93 :: 		}
L_end_main:
0x0238	0x2A38      	GOTO       $+0
; end of _main
0x0284	0x3020      	MOVLW      32
0x0285	0x0084      	MOVWF      FSR
0x0286	0x3046      	MOVLW      70
0x0287	0x1283      	BCF        STATUS, 5
0x0288	0x1303      	BCF        STATUS, 6
0x0289	0x00F0      	MOVWF      R0
0x028A	0x303E      	MOVLW      62
0x028B	0x1683      	BSF        STATUS, 5
0x028C	0x00A0      	MOVWF      ___DoICPAddr
0x028D	0x3002      	MOVLW      2
0x028E	0x00A1      	MOVWF      161
0x028F	0x20EA      	CALL       234
0x0290	0x0008      	RETURN
;signalgen.c,0 :: ?ICS_WiperValue
0x023E	0x3400 ;?ICS_WiperValue+0
0x023F	0x3400 ;?ICS_WiperValue+1
; end of ?ICS_WiperValue
;signalgen.c,0 :: ?ICS_crlf
0x0240	0x340D ;?ICS_crlf+0
0x0241	0x340A ;?ICS_crlf+1
0x0242	0x3400 ;?ICS_crlf+2
; end of ?ICS_crlf
;signalgen.c,0 :: ?ICS_freqValue
0x0243	0x3476 ;?ICS_freqValue+0
0x0244	0x3461 ;?ICS_freqValue+1
0x0245	0x346C ;?ICS_freqValue+2
0x0246	0x3475 ;?ICS_freqValue+3
0x0247	0x3465 ;?ICS_freqValue+4
0x0248	0x3420 ;?ICS_freqValue+5
0x0249	0x343D ;?ICS_freqValue+6
0x024A	0x3420 ;?ICS_freqValue+7
0x024B	0x3400 ;?ICS_freqValue+8
; end of ?ICS_freqValue
;signalgen.c,0 :: ?ICS_prompt
0x024C	0x3446 ;?ICS_prompt+0
0x024D	0x3472 ;?ICS_prompt+1
0x024E	0x3465 ;?ICS_prompt+2
0x024F	0x3471 ;?ICS_prompt+3
0x0250	0x3475 ;?ICS_prompt+4
0x0251	0x3465 ;?ICS_prompt+5
0x0252	0x346E ;?ICS_prompt+6
0x0253	0x3463 ;?ICS_prompt+7
0x0254	0x3479 ;?ICS_prompt+8
0x0255	0x343A ;?ICS_prompt+9
0x0256	0x3470 ;?ICS_prompt+10
0x0257	0x3472 ;?ICS_prompt+11
0x0258	0x3465 ;?ICS_prompt+12
0x0259	0x3473 ;?ICS_prompt+13
0x025A	0x3473 ;?ICS_prompt+14
0x025B	0x3420 ;?ICS_prompt+15
0x025C	0x3461 ;?ICS_prompt+16
0x025D	0x3420 ;?ICS_prompt+17
0x025E	0x3474 ;?ICS_prompt+18
0x025F	0x346F ;?ICS_prompt+19
0x0260	0x3420 ;?ICS_prompt+20
0x0261	0x3472 ;?ICS_prompt+21
0x0262	0x3461 ;?ICS_prompt+22
0x0263	0x3469 ;?ICS_prompt+23
0x0264	0x3473 ;?ICS_prompt+24
0x0265	0x3465 ;?ICS_prompt+25
0x0266	0x342C ;?ICS_prompt+26
0x0267	0x347A ;?ICS_prompt+27
0x0268	0x3420 ;?ICS_prompt+28
0x0269	0x3474 ;?ICS_prompt+29
0x026A	0x346F ;?ICS_prompt+30
0x026B	0x3420 ;?ICS_prompt+31
0x026C	0x346C ;?ICS_prompt+32
0x026D	0x346F ;?ICS_prompt+33
0x026E	0x3477 ;?ICS_prompt+34
0x026F	0x3465 ;?ICS_prompt+35
0x0270	0x3472 ;?ICS_prompt+36
0x0271	0x3400 ;?ICS_prompt+37
; end of ?ICS_prompt
;signalgen.c,0 :: ?ICS_error
0x0272	0x340D ;?ICS_error+0
0x0273	0x340A ;?ICS_error+1
0x0274	0x3449 ;?ICS_error+2
0x0275	0x346E ;?ICS_error+3
0x0276	0x3476 ;?ICS_error+4
0x0277	0x3461 ;?ICS_error+5
0x0278	0x346C ;?ICS_error+6
0x0279	0x3469 ;?ICS_error+7
0x027A	0x3464 ;?ICS_error+8
0x027B	0x3420 ;?ICS_error+9
0x027C	0x3445 ;?ICS_error+10
0x027D	0x346E ;?ICS_error+11
0x027E	0x3474 ;?ICS_error+12
0x027F	0x3472 ;?ICS_error+13
0x0280	0x3479 ;?ICS_error+14
0x0281	0x340D ;?ICS_error+15
0x0282	0x340A ;?ICS_error+16
0x0283	0x3400 ;?ICS_error+17
; end of ?ICS_error
Symbol List:
//** Routines locations **
//ADDRESS    SIZE    PROCEDURE
//----------------------------------------------
0x0003      [29]    _Div_16x16_U
0x0020       [2]    _Delay_1us
0x0022       [7]    _Delay_22us
0x0029      [34]    _Soft_SPI_Write
0x004B      [10]    _UART1_Write
0x0055      [66]    _WordToStr
0x0097       [7]    _____DoICP
0x009E       [7]    _UART1_Data_Ready
0x00A5      [16]    _UART1_Init
0x00B5       [9]    _set_pot
0x00BE      [11]    _UART1_Read
0x00C9      [10]    _Soft_SPI_Init
0x00D3      [23]    _PrintAString
0x00EA      [12]    ___CC2DW
0x00F6     [106]    _IntToStr
0x0160     [216]    _main
//** Variables locations ** 
//ADDRESS    SIZE    VARIABLE
//----------------------------------------------
0x0000       [1]    INDF
0x0002       [1]    PCL
0x0003       [1]    STATUS
0x0004       [1]    FSR
0x0006       [0]    RB4_bit
0x0006       [0]    SoftSpi_CLK
0x0006       [0]    SoftSpi_SDI
0x0006       [0]    RB6_bit
0x0007       [0]    SoftSpi_SDO
0x0007       [0]    RC7_bit
0x000A       [1]    PCLATH
0x000B       [1]    INTCON
0x000C       [1]    PIR1
0x0018       [1]    RCSTA
0x0019       [1]    TXREG
0x001A       [1]    RCREG
0x0020       [2]    _WiperValue
0x0022       [3]    _crlf
0x0025       [9]    _freqValue
0x002E      [38]    _prompt
0x0054      [18]    _error
0x0066      [10]    _temp
0x0070       [1]    R0
0x0071       [1]    R1
0x0072       [1]    R2
0x0073       [1]    R3
0x0074       [1]    R4
0x0075       [1]    R5
0x0076       [1]    R6
0x0077       [1]    R7
0x0078       [1]    R8
0x0079       [1]    R9
0x007A       [1]    R10
0x007B       [1]    R11
0x007C       [1]    R12
0x007D       [1]    R13
0x007E       [1]    R14
0x007F       [1]    R15
0x0085       [1]    TRISA
0x0086       [0]    SoftSpi_CLK_Direction
0x0086       [0]    SoftSpi_SDI_Direction
0x0086       [0]    TRISB6_bit
0x0086       [0]    TRISB7_bit
0x0086       [0]    TRISB4_bit
0x0086       [0]    TRISB5_bit
0x0086       [1]    TRISB
0x0087       [0]    SoftSpi_SDO_Direction
0x0087       [0]    TRISC7_bit
0x0087       [1]    TRISC
0x0098       [1]    TXSTA
0x0099       [1]    SPBRG
0x009A       [1]    SPBRGH
0x00A0       [2]    ___DoICPAddr
0x00A2       [1]    main_input_L0
0x00A3       [2]    main_a_L0
0x00A5       [2]    FARG_set_pot_value
0x00A5       [1]    FARG_PrintAString_string
0x00A5       [2]    FARG_IntToStr_input
0x00A6       [2]    PrintAString_k_L0
0x00A7       [1]    FARG_IntToStr_output
0x00A7       [2]    FARG_set_pot_control
0x00A8       [2]    IntToStr_i_L0
0x00AA       [2]    IntToStr_negative_L0
0x00AC       [2]    IntToStr_inword_L0
0x00AE       [2]    FARG_WordToStr_input
0x00AE       [1]    FARG_Soft_SPI_Write_sdata
0x00AE       [1]    FARG_UART1_Write_data_
0x00AF       [1]    Soft_SPI_Write_i_L0
0x00B0       [1]    FARG_WordToStr_output
0x00B1       [1]    WordToStr_len_L0
0x00B2       [1]    FLOC__WordToStr
0x0119       [0]    C1ON_bit
0x011A       [0]    C2ON_bit
0x011E       [1]    ANSEL
0x011F       [1]    ANSELH
//** Constants locations ** 
//ADDRESS    SIZE    CONSTANT
//----------------------------------------------
0x023E       [2]    ?ICS_WiperValue
0x0240       [3]    ?ICS_crlf
0x0243       [9]    ?ICS_freqValue
0x024C      [38]    ?ICS_prompt
0x0272      [18]    ?ICS_error
//** Label List: ** 
//----------------------------------------------
  L_PrintAString0
  L_PrintAString1
  L_PrintAString2
  L_calcFrequency3
  L_calcFrequency4
  L_calcFrequency5
  L_calcFrequency6
  L_calcFrequency7
  L_calcFrequency8
  L_calcFrequency9
  L_calcFrequency10
  L_calcFrequency11
  L_calcFrequency12
  L_calcFrequency13
  L_calcFrequency14
  L_calcFrequency15
  L_calcFrequency16
  L_calcFrequency17
  L_calcFrequency18
  L_calcFrequency19
  L_calcFrequency20
  L_calcFrequency21
  L_calcFrequency22
  L_calcFrequency23
  L_main24
  L_main25
  L_main26
  L_main27
  L_main28
  L_main29
  L_main30
  L_main31
  L_main32
  L_main33
  L_main34
  L_main35
  L_main36
  L_main37
  L_main38
  L_main39
  L_main40
  L_end_set_pot
  _set_pot
  L_end_PrintAString
  _PrintAString
  L_end_calcFrequency
  _calcFrequency
  L__calcFrequency44
  L__calcFrequency45
  L__calcFrequency46
  L__calcFrequency47
  L__calcFrequency48
  L__calcFrequency49
  L__calcFrequency50
  L__calcFrequency51
  L__calcFrequency52
  L__calcFrequency53
  L__calcFrequency54
  L_end_main
  _main
  L__main56
  L__main57
  L__main58
  L__main59
  L_ByteToStr0
  L_ByteToStr1
  L_ByteToStr2
  L_ByteToStr3
  L_ByteToStr4
  L_ByteToStr5
  L_WordToStr6
  L_WordToStr7
  L_WordToStr8
  L_WordToStr9
  L_WordToStr10
  L_WordToStr11
  L_WordToStrWithZeros12
  L_WordToStrWithZeros13
  L_WordToStrWithZeros14
  L_WordToStrWithZeros15
  L_WordToStrWithZeros16
  L_ShortToStr17
  L_ShortToStr18
  L_ShortToStr19
  L_ShortToStr20
  L_ShortToStr21
  L_ShortToStr22
  L_IntToStr23
  L_IntToStr24
  L_IntToStr25
  L_IntToStr26
  L_IntToStr27
  L_IntToStr28
  L_IntToStrWithZeros29
  L_IntToStrWithZeros30
  L_IntToStrWithZeros31
  L_IntToStrWithZeros32
  L_IntToStrWithZeros33
  L_IntToStrWithZeros34
  L_IntToStrWithZeros35
  L_IntToStrWithZeros36
  L_IntToStrWithZeros37
  L_LongWordToStr38
  L_LongWordToStr39
  L_LongWordToStr40
  L_LongWordToStr41
  L_LongWordToStr42
  L_LongWordToStr43
  L_LongWordToStrWithZeros44
  L_LongWordToStrWithZeros45
  L_LongWordToStrWithZeros46
  L_LongWordToStrWithZeros47
  L_LongWordToStrWithZeros48
  L_LongToStr49
  L_LongToStr50
  L_LongToStr51
  L_LongToStr52
  L_LongToStr53
  L_LongToStr54
  L_LongIntToStrWithZeros55
  L_LongIntToStrWithZeros56
  L_LongIntToStrWithZeros57
  L_LongIntToStrWithZeros58
  L_LongIntToStrWithZeros59
  L_LongIntToStrWithZeros60
  L_LongIntToStrWithZeros61
  L_LongIntToStrWithZeros62
  L_LongIntToStrWithZeros63
  L_Dec2Bcd64
  L_Dec2Bcd65
  L_Rtrim66
  L_Rtrim67
  L_Rtrim68
  L_Rtrim69
  L_Ltrim70
  L_Ltrim71
  L_Ltrim72
  L_Ltrim73
  L_Ltrim74
  L_Ltrim75
  L_FloatToStr76
  L_FloatToStr77
  L_FloatToStr78
  L_FloatToStr79
  L_FloatToStr80
  L_FloatToStr81
  L_FloatToStr82
  L_FloatToStr83
  L_FloatToStr84
  L_FloatToStr85
  L_FloatToStr86
  L_FloatToStr87
  L_FloatToStr88
  L_FloatToStr89
  L_FloatToStr90
  L_FloatToStr91
  L_FloatToStr92
  L_FloatToStr93
  L_FloatToStr94
  L_FloatToStr95
  L_FloatToStr96
  L_FloatToStr97
  L__Rtrim98
  L__Ltrim99
  L__FloatToStr100
  L_end_ByteToHex
  _ByteToHex
  L_end_ShortToHex
  _ShortToHex
  L_end_WordToHex
  _WordToHex
  L_end_IntToHex
  _IntToHex
  L_end_LongWordToHex
  _LongWordToHex
  L_end_LongIntToHex
  _LongIntToHex
  L_end_ByteToStr
  _ByteToStr
  L_end_WordToStr
  _WordToStr
  L__WordToStr109
  L_end_WordToStrWithZeros
  _WordToStrWithZeros
  L__WordToStrWithZeros111
  L_end_ShortToStr
  _ShortToStr
  L__ShortToStr113
  L_end_IntToStr
  _IntToStr
  L__IntToStr115
  L__IntToStr116
  L_end_IntToStrWithZeros
  _IntToStrWithZeros
  L__IntToStrWithZeros118
  L__IntToStrWithZeros119
  L__IntToStrWithZeros120
  L_end_LongWordToStr
  _LongWordToStr
  L__LongWordToStr122
  L__LongWordToStr123
  L_end_LongWordToStrWithZeros
  _LongWordToStrWithZeros
  L__LongWordToStrWithZeros125
  L_end_LongToStr
  _LongToStr
  L__LongToStr127
  L__LongToStr128
  L_end_LongIntToStrWithZeros
  _LongIntToStrWithZeros
  L__LongIntToStrWithZeros130
  L__LongIntToStrWithZeros131
  L__LongIntToStrWithZeros132
  L_end_Dec2Bcd
  _Dec2Bcd
  L_end_Bcd2Dec
  _Bcd2Dec
  L_end_Bcd2Dec16
  _Bcd2Dec16
  L__Bcd2Dec16136
  L__Bcd2Dec16137
  L_end_Dec2Bcd16
  _Dec2Bcd16
  L__Dec2Bcd16139
  L__Dec2Bcd16140
  L_end_Rtrim
  _Rtrim
  L_end_Ltrim
  _Ltrim
  L_end_FloatToStr
  _FloatToStr
  L__FloatToStr144
  L__FloatToStr145
  L__FloatToStr146
  L__FloatToStr147
  L__FloatToStr148
  L_Delay_10us0
  L_Delay_22us1
  L_Delay_50us2
  L_Delay_80us3
  L_Delay_500us4
  L_Delay_5500us5
  L_Delay_1ms6
  L_Delay_5ms7
  L_Delay_8ms8
  L_Delay_10ms9
  L_Delay_100ms10
  L_Delay_1sec11
  L_boot16_Delay_5ms12
  L_Delay_Cyc13
  L_Delay_Cyc14
  L_VDelay_ms15
  L_VDelay_ms16
  L_VDelay_ms17
  L_VDelay_Advanced_ms18
  L_VDelay_Advanced_ms19
  L_VDelay_Advanced_ms20
  L_end_Get_Fosc_kHz
  _Get_Fosc_kHz
  L_end_Delay_1us
  _Delay_1us
  L_end_Delay_10us
  _Delay_10us
  L_end_Delay_22us
  _Delay_22us
  L_end_Delay_50us
  _Delay_50us
  L_end_Delay_80us
  _Delay_80us
  L_end_Delay_500us
  _Delay_500us
  L_end_Delay_5500us
  _Delay_5500us
  L_end_Delay_1ms
  _Delay_1ms
  L_end_Delay_5ms
  _Delay_5ms
  L_end_Delay_8ms
  _Delay_8ms
  L_end_Delay_10ms
  _Delay_10ms
  L_end_Delay_100ms
  _Delay_100ms
  L_end_Delay_1sec
  _Delay_1sec
  L_end_boot16_Delay_5ms
  _boot16_Delay_5ms
  L_end_Delay_Cyc
  _Delay_Cyc
  L_end_VDelay_ms
  _VDelay_ms
  L__VDelay_ms38
  L__VDelay_ms39
  L__VDelay_ms40
  L_end_VDelay_Advanced_ms
  _VDelay_Advanced_ms
  L__VDelay_Advanced_ms42
  L__VDelay_Advanced_ms43
  L__VDelay_Advanced_ms44
  L_Div_16x16_S0
  L_Div_16x16_S1
  LOOPS3232A
  SADD22LA
  SOK22LA
  SADD22L8
  SOK22L8
  LOOPS3232B
  SADD22LB
  SOK22LB
  SADD22L16
  SOK22L16
  LOOPS3232C
  SADD22LC
  SOK22LC
  SADD22L24
  SOK22L24
  LOOPS3232D
  SADD22LD
  SOK22LD
  SOK22L
  L_Div_32x32_S6
  L_Div_32x32_S7
  L_Div_32x32_S8
  L_Div_32x32_S9
  FXD3232S
  END_ALL
  CA3232S
  C3232SX
  C3232SX1
  C3232S
  C3232S2
  C3232SX4
  C3232SOK
  C3232SX3
  C3232SX2
  avoid_comfrem
  LOOPU3232A
  UADD22LA
  UOK22LA
  UADD22L8
  UOK22L8
  LOOPU3232B
  UADD22LB
  UOK22LB
  UADD22L16
  UOK22L16
  LOOPU3232C
  UADD22LC
  UOK22LC
  UADD22L24
  UOK22L24
  LOOPU3232D
  UADD22LD
  UOK22LD
  UOK22L
  _NEXT
  _EXIT2
  _LOOP
  _EXIT1
  _IF_FIRST
  _IF_SECOND
  _INVERCE_FIRST
  _MULT
  _INBERSE_SECOND
  _EXIT
  L_end_Mul_8x8_U
  _Mul_8x8_U
  L_end_Mul_16x16_U
  _Mul_16x16_U
  L_end_Div_8x8_U
  _Div_8x8_U
  L_end_Div_16x16_U
  _Div_16x16_U
  L_end_Mul_8x8_S
  _Mul_8x8_S
  L_end_Mul_16x16_S
  _Mul_16x16_S
  L_end_Div_16x16_S_L
  _Div_16x16_S_L
  L_end_Div_16x16_S
  _Div_16x16_S
  L_end_Div_8x8_S
  _Div_8x8_S
  L_end_SDIV3232L
  _SDIV3232L
  L_end_COMFREM
  _COMFREM
  L_end_Div_32x32_S
  _Div_32x32_S
  L_end_Div_32x32_U
  _Div_32x32_U
  L_end_Mul_32x32_U
  _Mul_32x32_U
  L_end_Mul_32x32_S
  _Mul_32x32_S
  L_Soft_SPI_Write0
  L_Soft_SPI_Write1
  L_Soft_SPI_Read2
  L_Soft_SPI_Read3
  L_Soft_SPI_Read4
  L_end_Soft_SPI_Init
  _Soft_SPI_Init
  L_end_Soft_SPI_Write
  _Soft_SPI_Write
  L__Soft_SPI_Write7
  L__Soft_SPI_Write8
  L_end_Soft_SPI_Read
  _Soft_SPI_Read
  L__Soft_SPI_Read10
  L__Soft_SPI_Read11
  L_loopCA2AWs
  L_CA2AWend
  _CCA2AW_Loop1
  L_loopCS2Ss
  L_CS2Send
  _CCS2S_Loop1
  L_CCS2Send
  L_loopFZinSWs
  L_FZinSend
  _CC2D_Loop1
  L_end_____DoICP
  _____DoICP
  L_end_____DoIFC
  _____DoIFC
  L_end___CA2AW
  ___CA2AW
  L_end___CCA2AW
  ___CCA2AW
  L_end___CS2S
  ___CS2S
  L_end___CCS2S
  ___CCS2S
  L_end___FZinS
  ___FZinS
  L_end___CC2DW
  ___CC2DW
  L_end_Swap
  _Swap
  L_UART1_Init0
  L_UART1_Init1
  L_UART1_Read2
  L_UART1_Write3
  L_UART1_Write4
  L_UART1_Write_Text5
  L_UART1_Write_Text6
  L_UART1_Read_Text7
  L_UART1_Read_Text8
  L_UART1_Read_Text9
  L_UART1_Read_Text10
  L_UART1_Read_Text11
  L_UART1_Read_Text12
  L_UART1_Read_Text13
  L_UART1_Read_Text14
  L_UART1_Read_Text15
  L_end_UART1_Init
  _UART1_Init
  L_end_UART1_Data_Ready
  _UART1_Data_Ready
  L_end_UART1_Read
  _UART1_Read
  L_end_UART1_Tx_Idle
  _UART1_Tx_Idle
  L_end_UART1_Write
  _UART1_Write
  L_end_UART1_Write_Text
  _UART1_Write_Text
  L_end_UART1_Read_Text
  _UART1_Read_Text
