
**** 06/18/16 02:41:07 *********** Evaluation PSpice (Nov 1999) **************

 * C:\Projects\pickupwinder\singlecoil.sch


 ****     CIRCUIT DESCRIPTION


******************************************************************************




* Schematics Version 9.1 - Web Update 1
* Sat Jun 18 02:41:04 2016



** Analysis setup **
.ac OCT 101 10 20k


* From [PSPICE NETLIST] section of pspiceev.ini:
.lib "nom.lib"

.INC "singlecoil.net"

**** INCLUDING singlecoil.net ****
* Schematics Netlist *



V_V2         $N_0001 0 DC 0V AC 200mv 
L_L1         $N_0001 $N_0002  10h  
R_R1         $N_0002 $N_0003  15k  
C_C1         0 $N_0003  200p  

**** RESUMING singlecoil.cir ****
.INC "singlecoil.als"



**** INCLUDING singlecoil.als ****
* Schematics Aliases *

.ALIASES
V_V2            V2(+=$N_0001 -=0 )
L_L1            L1(1=$N_0001 2=$N_0002 )
R_R1            R1(1=$N_0002 2=$N_0003 )
C_C1            C1(1=0 2=$N_0003 )
.ENDALIASES


**** RESUMING singlecoil.cir ****
.probe


.END

**** 06/18/16 02:41:07 *********** Evaluation PSpice (Nov 1999) **************

 * C:\Projects\pickupwinder\singlecoil.sch


 ****     SMALL SIGNAL BIAS SOLUTION       TEMPERATURE =   27.000 DEG C


******************************************************************************



 NODE   VOLTAGE     NODE   VOLTAGE     NODE   VOLTAGE     NODE   VOLTAGE


($N_0001)    0.0000                   ($N_0002)    0.0000                       

($N_0003)    0.0000                   




    VOLTAGE SOURCE CURRENTS
    NAME         CURRENT

    V_V2         0.000E+00

    TOTAL POWER DISSIPATION   0.00E+00  WATTS



          JOB CONCLUDED

          TOTAL JOB TIME             .02
