;  LST file generated by mikroListExporter - v.2.0 
; Date/Time: 7/7/2017 7:14:10 PM
;----------------------------------------------

;Address Opcode 	ASM
0x0000	0x29BE      	GOTO       446
_interrupt:
0x0004	0x00FF      	MOVWF      R15
0x0005	0x0E03      	SWAPF      STATUS, 0
0x0006	0x0183      	CLRF       STATUS
0x0007	0x00C8      	MOVWF      ___saveSTATUS
0x0008	0x080A      	MOVF       PCLATH, 0
0x0009	0x00C9      	MOVWF      ___savePCLATH
0x000A	0x018A      	CLRF       PCLATH
;PickupWinder.c,47 :: 		void interrupt() {
;PickupWinder.c,48 :: 		counter ++;
0x000B	0x0AA0      	INCF       _counter, 1
0x000C	0x1903      	BTFSC      STATUS, 2
0x000D	0x0AA1      	INCF       _counter+1, 1
;PickupWinder.c,49 :: 		INTCON.INTF = 0;
0x000E	0x108B      	BCF        INTCON, 1
;PickupWinder.c,50 :: 		}
L_end_interrupt:
L__interrupt12:
0x000F	0x0849      	MOVF       ___savePCLATH, 0
0x0010	0x008A      	MOVWF      PCLATH
0x0011	0x0E48      	SWAPF      ___saveSTATUS, 0
0x0012	0x0083      	MOVWF      STATUS
0x0013	0x0EFF      	SWAPF      R15, 1
0x0014	0x0E7F      	SWAPF      R15, 0
0x0015	0x0009      	RETFIE
; end of _interrupt
_Div_16x16_U:
;__Lib_Math.c,215 :: 		
;__Lib_Math.c,222 :: 		
0x0016	0x1283      	BCF        STATUS, 5
;__Lib_Math.c,223 :: 		
0x0017	0x1303      	BCF        STATUS, 6
;__Lib_Math.c,224 :: 		
0x0018	0x01F8      	CLRF       R8
;__Lib_Math.c,225 :: 		
0x0019	0x01F9      	CLRF       R9
;__Lib_Math.c,226 :: 		
0x001A	0x3010      	MOVLW      16
;__Lib_Math.c,227 :: 		
0x001B	0x00FC      	MOVWF      R12
;__Lib_Math.c,228 :: 		
0x001C	0x0D71      	RLF        R1, 0
;__Lib_Math.c,229 :: 		
0x001D	0x0DF8      	RLF        R8, 1
;__Lib_Math.c,230 :: 		
0x001E	0x0DF9      	RLF        R9, 1
;__Lib_Math.c,231 :: 		
0x001F	0x0874      	MOVF       R4, 0
;__Lib_Math.c,232 :: 		
0x0020	0x02F8      	SUBWF      R8, 1
;__Lib_Math.c,233 :: 		
0x0021	0x0875      	MOVF       R5, 0
;__Lib_Math.c,234 :: 		
0x0022	0x1C03      	BTFSS      STATUS, 0
;__Lib_Math.c,235 :: 		
0x0023	0x0F75      	INCFSZ     R5, 0
;__Lib_Math.c,236 :: 		
0x0024	0x02F9      	SUBWF      R9, 1
;__Lib_Math.c,237 :: 		
0x0025	0x1803      	BTFSC      STATUS, 0
;__Lib_Math.c,238 :: 		
0x0026	0x282E      	GOTO       $+8
;__Lib_Math.c,239 :: 		
0x0027	0x0874      	MOVF       R4, 0
;__Lib_Math.c,240 :: 		
0x0028	0x07F8      	ADDWF      R8, 1
;__Lib_Math.c,241 :: 		
0x0029	0x0875      	MOVF       R5, 0
;__Lib_Math.c,242 :: 		
0x002A	0x1803      	BTFSC      STATUS, 0
;__Lib_Math.c,243 :: 		
0x002B	0x0F75      	INCFSZ     R5, 0
;__Lib_Math.c,244 :: 		
0x002C	0x07F9      	ADDWF      R9, 1
;__Lib_Math.c,245 :: 		
0x002D	0x1003      	BCF        STATUS, 0
;__Lib_Math.c,246 :: 		
0x002E	0x0DF0      	RLF        R0, 1
;__Lib_Math.c,247 :: 		
0x002F	0x0DF1      	RLF        R1, 1
;__Lib_Math.c,248 :: 		
0x0030	0x0BFC      	DECFSZ     R12, 1
;__Lib_Math.c,249 :: 		
0x0031	0x281C      	GOTO       $-21
;__Lib_Math.c,251 :: 		
L_end_Div_16x16_U:
0x0032	0x0008      	RETURN
; end of _Div_16x16_U
_WordToStr:
;__Lib_Conversions.c,84 :: 		
;__Lib_Conversions.c,89 :: 		
0x0033	0x1283      	BCF        STATUS, 5
0x0034	0x1303      	BCF        STATUS, 6
0x0035	0x01D6      	CLRF       WordToStr_len_L0
L_WordToStr6:
0x0036	0x3005      	MOVLW      5
0x0037	0x0256      	SUBWF      WordToStr_len_L0, 0
0x0038	0x1803      	BTFSC      STATUS, 0
0x0039	0x2841      	GOTO       L_WordToStr7
;__Lib_Conversions.c,90 :: 		
0x003A	0x0856      	MOVF       WordToStr_len_L0, 0
0x003B	0x0755      	ADDWF      FARG_WordToStr_output, 0
0x003C	0x0084      	MOVWF      FSR
0x003D	0x3020      	MOVLW      32
0x003E	0x0080      	MOVWF      INDF
;__Lib_Conversions.c,89 :: 		
0x003F	0x0AD6      	INCF       WordToStr_len_L0, 1
;__Lib_Conversions.c,90 :: 		
0x0040	0x2836      	GOTO       L_WordToStr6
L_WordToStr7:
;__Lib_Conversions.c,91 :: 		
0x0041	0x0856      	MOVF       WordToStr_len_L0, 0
0x0042	0x0755      	ADDWF      FARG_WordToStr_output, 0
0x0043	0x0084      	MOVWF      FSR
0x0044	0x0180      	CLRF       INDF
0x0045	0x03D6      	DECF       WordToStr_len_L0, 1
;__Lib_Conversions.c,93 :: 		
L_WordToStr9:
;__Lib_Conversions.c,94 :: 		
0x0046	0x0856      	MOVF       WordToStr_len_L0, 0
0x0047	0x0755      	ADDWF      FARG_WordToStr_output, 0
0x0048	0x00D7      	MOVWF      FLOC__WordToStr
0x0049	0x300A      	MOVLW      10
0x004A	0x00F4      	MOVWF      R4
0x004B	0x01F5      	CLRF       R4+1
0x004C	0x0853      	MOVF       FARG_WordToStr_input, 0
0x004D	0x00F0      	MOVWF      R0
0x004E	0x0854      	MOVF       FARG_WordToStr_input+1, 0
0x004F	0x00F1      	MOVWF      R0+1
0x0050	0x2016      	CALL       _Div_16x16_U
0x0051	0x0878      	MOVF       R8, 0
0x0052	0x00F0      	MOVWF      R0
0x0053	0x0879      	MOVF       R8+1, 0
0x0054	0x00F1      	MOVWF      R0+1
0x0055	0x3030      	MOVLW      48
0x0056	0x07F0      	ADDWF      R0, 1
0x0057	0x0857      	MOVF       FLOC__WordToStr, 0
0x0058	0x0084      	MOVWF      FSR
0x0059	0x0870      	MOVF       R0, 0
0x005A	0x0080      	MOVWF      INDF
;__Lib_Conversions.c,95 :: 		
0x005B	0x300A      	MOVLW      10
0x005C	0x00F4      	MOVWF      R4
0x005D	0x01F5      	CLRF       R4+1
0x005E	0x0853      	MOVF       FARG_WordToStr_input, 0
0x005F	0x00F0      	MOVWF      R0
0x0060	0x0854      	MOVF       FARG_WordToStr_input+1, 0
0x0061	0x00F1      	MOVWF      R0+1
0x0062	0x2016      	CALL       _Div_16x16_U
0x0063	0x0870      	MOVF       R0, 0
0x0064	0x00D3      	MOVWF      FARG_WordToStr_input
0x0065	0x0871      	MOVF       R0+1, 0
0x0066	0x00D4      	MOVWF      FARG_WordToStr_input+1
;__Lib_Conversions.c,96 :: 		
0x0067	0x3000      	MOVLW      0
0x0068	0x0671      	XORWF      R0+1, 0
0x0069	0x1D03      	BTFSS      STATUS, 2
0x006A	0x286D      	GOTO       L__WordToStr109
0x006B	0x3000      	MOVLW      0
0x006C	0x0670      	XORWF      R0, 0
L__WordToStr109:
0x006D	0x1D03      	BTFSS      STATUS, 2
0x006E	0x2870      	GOTO       L_WordToStr11
;__Lib_Conversions.c,97 :: 		
0x006F	0x2872      	GOTO       L_WordToStr10
L_WordToStr11:
;__Lib_Conversions.c,98 :: 		
0x0070	0x03D6      	DECF       WordToStr_len_L0, 1
;__Lib_Conversions.c,99 :: 		
0x0071	0x2846      	GOTO       L_WordToStr9
L_WordToStr10:
;__Lib_Conversions.c,100 :: 		
L_end_WordToStr:
0x0072	0x0008      	RETURN
; end of _WordToStr
_UART1_Write:
;__Lib_UART_b75.c,36 :: 		
;__Lib_UART_b75.c,37 :: 		
L_UART1_Write3:
0x0073	0x1683      	BSF        STATUS, 5
0x0074	0x1303      	BCF        STATUS, 6
0x0075	0x1898      	BTFSC      TXSTA, 1
0x0076	0x2879      	GOTO       L_UART1_Write4
;__Lib_UART_b75.c,38 :: 		
0x0077	0x0000      	NOP
0x0078	0x2873      	GOTO       L_UART1_Write3
L_UART1_Write4:
;__Lib_UART_b75.c,39 :: 		
0x0079	0x1283      	BCF        STATUS, 5
0x007A	0x0853      	MOVF       FARG_UART1_Write_data_, 0
0x007B	0x0099      	MOVWF      TXREG
;__Lib_UART_b75.c,40 :: 		
L_end_UART1_Write:
0x007C	0x0008      	RETURN
; end of _UART1_Write
_____DoICP:
;__Lib_System.c,6 :: 		
;__Lib_System.c,9 :: 		
0x007D	0x1283      	BCF        STATUS, 5
0x007E	0x1303      	BCF        STATUS, 6
0x007F	0x083B      	MOVF       ___DoICPAddr+1, 0
0x0080	0x008A      	MOVWF      PCLATH
;__Lib_System.c,10 :: 		
0x0081	0x083A      	MOVF       ___DoICPAddr, 0
0x0082	0x0082      	MOVWF      PCL
;__Lib_System.c,12 :: 		
L_end_____DoICP:
0x0083	0x0008      	RETURN
; end of _____DoICP
_Delay_22us:
;__Lib_Delays.c,15 :: 		void Delay_22us() {
;__Lib_Delays.c,16 :: 		Delay_us(22);
0x0084	0x3007      	MOVLW      7
0x0085	0x1283      	BCF        STATUS, 5
0x0086	0x1303      	BCF        STATUS, 6
0x0087	0x00FD      	MOVWF      R13
L_Delay_22us1:
0x0088	0x0BFD      	DECFSZ     R13, 1
0x0089	0x2888      	GOTO       L_Delay_22us1
;__Lib_Delays.c,17 :: 		}
L_end_Delay_22us:
0x008A	0x0008      	RETURN
; end of _Delay_22us
_Mul_16x16_U:
;__Lib_Math.c,136 :: 		
;__Lib_Math.c,143 :: 		
0x008B	0x1283      	BCF        STATUS, 5
;__Lib_Math.c,144 :: 		
0x008C	0x1303      	BCF        STATUS, 6
;__Lib_Math.c,145 :: 		
0x008D	0x01FB      	CLRF       R11
;__Lib_Math.c,146 :: 		
0x008E	0x01FA      	CLRF       R10
;__Lib_Math.c,147 :: 		
0x008F	0x01F9      	CLRF       R9
;__Lib_Math.c,148 :: 		
0x0090	0x3080      	MOVLW      128
;__Lib_Math.c,149 :: 		
0x0091	0x00F8      	MOVWF      R8
;__Lib_Math.c,150 :: 		
0x0092	0x0CF1      	RRF        R1, 1
;__Lib_Math.c,151 :: 		
0x0093	0x0CF0      	RRF        R0, 1
;__Lib_Math.c,152 :: 		
0x0094	0x1C03      	BTFSS      STATUS, 0
;__Lib_Math.c,153 :: 		
0x0095	0x289F      	GOTO       $+10
;__Lib_Math.c,154 :: 		
0x0096	0x0874      	MOVF       R4, 0
;__Lib_Math.c,155 :: 		
0x0097	0x07F9      	ADDWF      R9, 1
;__Lib_Math.c,156 :: 		
0x0098	0x0875      	MOVF       R5, 0
;__Lib_Math.c,157 :: 		
0x0099	0x1803      	BTFSC      STATUS, 0
;__Lib_Math.c,158 :: 		
0x009A	0x0F75      	INCFSZ     R5, 0
;__Lib_Math.c,159 :: 		
0x009B	0x07FA      	ADDWF      R10, 1
;__Lib_Math.c,160 :: 		
0x009C	0x1803      	BTFSC      STATUS, 0
;__Lib_Math.c,161 :: 		
0x009D	0x0AFB      	INCF       R11, 1
;__Lib_Math.c,162 :: 		
0x009E	0x1003      	BCF        STATUS, 0
;__Lib_Math.c,163 :: 		
0x009F	0x1FF0      	BTFSS      R0, 7
;__Lib_Math.c,164 :: 		
0x00A0	0x28A7      	GOTO       $+7
;__Lib_Math.c,165 :: 		
0x00A1	0x0874      	MOVF       R4, 0
;__Lib_Math.c,166 :: 		
0x00A2	0x07FA      	ADDWF      R10, 1
;__Lib_Math.c,167 :: 		
0x00A3	0x0875      	MOVF       R5, 0
;__Lib_Math.c,168 :: 		
0x00A4	0x1803      	BTFSC      STATUS, 0
;__Lib_Math.c,169 :: 		
0x00A5	0x0F75      	INCFSZ     R5, 0
;__Lib_Math.c,170 :: 		
0x00A6	0x07FB      	ADDWF      R11, 1
;__Lib_Math.c,171 :: 		
0x00A7	0x0CFB      	RRF        R11, 1
;__Lib_Math.c,172 :: 		
0x00A8	0x0CFA      	RRF        R10, 1
;__Lib_Math.c,173 :: 		
0x00A9	0x0CF9      	RRF        R9, 1
;__Lib_Math.c,174 :: 		
0x00AA	0x0CF8      	RRF        R8, 1
;__Lib_Math.c,175 :: 		
0x00AB	0x1C03      	BTFSS      STATUS, 0
;__Lib_Math.c,176 :: 		
0x00AC	0x2892      	GOTO       $-26
;__Lib_Math.c,177 :: 		
0x00AD	0x087B      	MOVF       R11, 0
;__Lib_Math.c,178 :: 		
0x00AE	0x00F3      	MOVWF      R3
;__Lib_Math.c,179 :: 		
0x00AF	0x087A      	MOVF       R10, 0
;__Lib_Math.c,180 :: 		
0x00B0	0x00F2      	MOVWF      R2
;__Lib_Math.c,181 :: 		
0x00B1	0x0879      	MOVF       R9, 0
;__Lib_Math.c,182 :: 		
0x00B2	0x00F1      	MOVWF      R1
;__Lib_Math.c,183 :: 		
0x00B3	0x0878      	MOVF       R8, 0
;__Lib_Math.c,184 :: 		
0x00B4	0x00F0      	MOVWF      R0
;__Lib_Math.c,187 :: 		
L_end_Mul_16x16_U:
0x00B5	0x0008      	RETURN
; end of _Mul_16x16_U
_IntToStr:
;__Lib_Conversions.c,146 :: 		
;__Lib_Conversions.c,152 :: 		
0x00B6	0x1283      	BCF        STATUS, 5
0x00B7	0x1303      	BCF        STATUS, 6
0x00B8	0x01CF      	CLRF       IntToStr_negative_L0
0x00B9	0x01D0      	CLRF       IntToStr_negative_L0+1
;__Lib_Conversions.c,153 :: 		
0x00BA	0x084A      	MOVF       FARG_IntToStr_input, 0
0x00BB	0x00D1      	MOVWF      IntToStr_inword_L0
0x00BC	0x084B      	MOVF       FARG_IntToStr_input+1, 0
0x00BD	0x00D2      	MOVWF      IntToStr_inword_L0+1
;__Lib_Conversions.c,154 :: 		
0x00BE	0x3080      	MOVLW      128
0x00BF	0x064B      	XORWF      FARG_IntToStr_input+1, 0
0x00C0	0x00F0      	MOVWF      R0
0x00C1	0x3080      	MOVLW      128
0x00C2	0x0270      	SUBWF      R0, 0
0x00C3	0x1D03      	BTFSS      STATUS, 2
0x00C4	0x28C7      	GOTO       L__IntToStr115
0x00C5	0x3000      	MOVLW      0
0x00C6	0x024A      	SUBWF      FARG_IntToStr_input, 0
L__IntToStr115:
0x00C7	0x1803      	BTFSC      STATUS, 0
0x00C8	0x28D5      	GOTO       L_IntToStr23
;__Lib_Conversions.c,155 :: 		
0x00C9	0x3001      	MOVLW      1
0x00CA	0x00CF      	MOVWF      IntToStr_negative_L0
0x00CB	0x3000      	MOVLW      0
0x00CC	0x00D0      	MOVWF      IntToStr_negative_L0+1
;__Lib_Conversions.c,156 :: 		
0x00CD	0x084A      	MOVF       FARG_IntToStr_input, 0
0x00CE	0x3C00      	SUBLW      0
0x00CF	0x00D1      	MOVWF      IntToStr_inword_L0
0x00D0	0x084B      	MOVF       FARG_IntToStr_input+1, 0
0x00D1	0x1C03      	BTFSS      STATUS, 0
0x00D2	0x3E01      	ADDLW      1
0x00D3	0x01D2      	CLRF       IntToStr_inword_L0+1
0x00D4	0x02D2      	SUBWF      IntToStr_inword_L0+1, 1
;__Lib_Conversions.c,157 :: 		
L_IntToStr23:
;__Lib_Conversions.c,158 :: 		
0x00D5	0x0851      	MOVF       IntToStr_inword_L0, 0
0x00D6	0x00D3      	MOVWF      FARG_WordToStr_input
0x00D7	0x0852      	MOVF       IntToStr_inword_L0+1, 0
0x00D8	0x00D4      	MOVWF      FARG_WordToStr_input+1
0x00D9	0x084C      	MOVF       FARG_IntToStr_output, 0
0x00DA	0x00D5      	MOVWF      FARG_WordToStr_output
0x00DB	0x2033      	CALL       _WordToStr
;__Lib_Conversions.c,160 :: 		
0x00DC	0x3006      	MOVLW      6
0x00DD	0x00CD      	MOVWF      IntToStr_i_L0
0x00DE	0x3000      	MOVLW      0
0x00DF	0x00CE      	MOVWF      IntToStr_i_L0+1
;__Lib_Conversions.c,161 :: 		
L_IntToStr24:
0x00E0	0x084E      	MOVF       IntToStr_i_L0+1, 0
0x00E1	0x3C00      	SUBLW      0
0x00E2	0x1D03      	BTFSS      STATUS, 2
0x00E3	0x28E6      	GOTO       L__IntToStr116
0x00E4	0x084D      	MOVF       IntToStr_i_L0, 0
0x00E5	0x3C00      	SUBLW      0
L__IntToStr116:
0x00E6	0x1803      	BTFSC      STATUS, 0
0x00E7	0x2901      	GOTO       L_IntToStr25
;__Lib_Conversions.c,162 :: 		
0x00E8	0x084D      	MOVF       IntToStr_i_L0, 0
0x00E9	0x074C      	ADDWF      FARG_IntToStr_output, 0
0x00EA	0x00F2      	MOVWF      R2
0x00EB	0x3001      	MOVLW      1
0x00EC	0x024D      	SUBWF      IntToStr_i_L0, 0
0x00ED	0x00F0      	MOVWF      R0
0x00EE	0x3000      	MOVLW      0
0x00EF	0x1C03      	BTFSS      STATUS, 0
0x00F0	0x3E01      	ADDLW      1
0x00F1	0x024E      	SUBWF      IntToStr_i_L0+1, 0
0x00F2	0x00F1      	MOVWF      R0+1
0x00F3	0x0870      	MOVF       R0, 0
0x00F4	0x074C      	ADDWF      FARG_IntToStr_output, 0
0x00F5	0x0084      	MOVWF      FSR
0x00F6	0x0800      	MOVF       INDF, 0
0x00F7	0x00F0      	MOVWF      R0
0x00F8	0x0872      	MOVF       R2, 0
0x00F9	0x0084      	MOVWF      FSR
0x00FA	0x0870      	MOVF       R0, 0
0x00FB	0x0080      	MOVWF      INDF
;__Lib_Conversions.c,163 :: 		
0x00FC	0x3001      	MOVLW      1
0x00FD	0x02CD      	SUBWF      IntToStr_i_L0, 1
0x00FE	0x1C03      	BTFSS      STATUS, 0
0x00FF	0x03CE      	DECF       IntToStr_i_L0+1, 1
;__Lib_Conversions.c,164 :: 		
0x0100	0x28E0      	GOTO       L_IntToStr24
L_IntToStr25:
;__Lib_Conversions.c,165 :: 		
0x0101	0x084C      	MOVF       FARG_IntToStr_output, 0
0x0102	0x0084      	MOVWF      FSR
0x0103	0x3020      	MOVLW      32
0x0104	0x0080      	MOVWF      INDF
;__Lib_Conversions.c,166 :: 		
0x0105	0x084F      	MOVF       IntToStr_negative_L0, 0
0x0106	0x0450      	IORWF      IntToStr_negative_L0+1, 0
0x0107	0x1903      	BTFSC      STATUS, 2
0x0108	0x291F      	GOTO       L_IntToStr26
;__Lib_Conversions.c,167 :: 		
0x0109	0x01CD      	CLRF       IntToStr_i_L0
0x010A	0x01CE      	CLRF       IntToStr_i_L0+1
;__Lib_Conversions.c,168 :: 		
L_IntToStr27:
0x010B	0x084D      	MOVF       IntToStr_i_L0, 0
0x010C	0x074C      	ADDWF      FARG_IntToStr_output, 0
0x010D	0x0084      	MOVWF      FSR
0x010E	0x0800      	MOVF       INDF, 0
0x010F	0x3A20      	XORLW      32
0x0110	0x1D03      	BTFSS      STATUS, 2
0x0111	0x2916      	GOTO       L_IntToStr28
0x0112	0x0ACD      	INCF       IntToStr_i_L0, 1
0x0113	0x1903      	BTFSC      STATUS, 2
0x0114	0x0ACE      	INCF       IntToStr_i_L0+1, 1
0x0115	0x290B      	GOTO       L_IntToStr27
L_IntToStr28:
;__Lib_Conversions.c,169 :: 		
0x0116	0x3001      	MOVLW      1
0x0117	0x02CD      	SUBWF      IntToStr_i_L0, 1
0x0118	0x1C03      	BTFSS      STATUS, 0
0x0119	0x03CE      	DECF       IntToStr_i_L0+1, 1
;__Lib_Conversions.c,170 :: 		
0x011A	0x084D      	MOVF       IntToStr_i_L0, 0
0x011B	0x074C      	ADDWF      FARG_IntToStr_output, 0
0x011C	0x0084      	MOVWF      FSR
0x011D	0x302D      	MOVLW      45
0x011E	0x0080      	MOVWF      INDF
L_IntToStr26:
;__Lib_Conversions.c,171 :: 		
L_end_IntToStr:
0x011F	0x0008      	RETURN
; end of _IntToStr
___CC2DW:
;__Lib_System.c,134 :: 		
;__Lib_System.c,137 :: 		
_CC2D_Loop1:
;__Lib_System.c,139 :: 		
0x0120	0x207D      	CALL       _____DoICP
0x0121	0x118A      	BCF        PCLATH, 3
0x0122	0x120A      	BCF        PCLATH, 4
;__Lib_System.c,141 :: 		
0x0123	0x0080      	MOVWF      INDF
;__Lib_System.c,142 :: 		
0x0124	0x0A84      	INCF       FSR, 1
;__Lib_System.c,143 :: 		
0x0125	0x0ABA      	INCF       ___DoICPAddr, 1
;__Lib_System.c,145 :: 		
0x0126	0x1903      	BTFSC      STATUS, 2
;__Lib_System.c,146 :: 		
0x0127	0x0ABB      	INCF       ___DoICPAddr+1, 1
;__Lib_System.c,147 :: 		
0x0128	0x03F0      	DECF       R0, 1
;__Lib_System.c,149 :: 		
0x0129	0x1D03      	BTFSS      STATUS, 2
;__Lib_System.c,150 :: 		
0x012A	0x2920      	GOTO       _CC2D_Loop1
;__Lib_System.c,152 :: 		
L_end___CC2DW:
0x012B	0x0008      	RETURN
; end of ___CC2DW
_UART1_Init:
;__Lib_UART_b75.c,2 :: 		
;__Lib_UART_b75.c,5 :: 		
0x012C	0x1683      	BSF        STATUS, 5
0x012D	0x1303      	BCF        STATUS, 6
0x012E	0x1698      	BSF        TXSTA, 5
;__Lib_UART_b75.c,6 :: 		
0x012F	0x3090      	MOVLW      144
0x0130	0x1283      	BCF        STATUS, 5
0x0131	0x0098      	MOVWF      RCSTA
;__Lib_UART_b75.c,7 :: 		
0x0132	0x1683      	BSF        STATUS, 5
0x0133	0x1686      	BSF        TRISB5_bit, 5
;__Lib_UART_b75.c,8 :: 		
0x0134	0x1386      	BCF        TRISB7_bit, 7
;__Lib_UART_b75.c,9 :: 		
L_UART1_Init0:
0x0135	0x1283      	BCF        STATUS, 5
0x0136	0x1E8C      	BTFSS      PIR1, 5
0x0137	0x293B      	GOTO       L_UART1_Init1
;__Lib_UART_b75.c,10 :: 		
0x0138	0x081A      	MOVF       RCREG, 0
0x0139	0x00F0      	MOVWF      R0
0x013A	0x2935      	GOTO       L_UART1_Init0
L_UART1_Init1:
;__Lib_UART_b75.c,11 :: 		
L_end_UART1_Init:
0x013B	0x0008      	RETURN
; end of _UART1_Init
_PWM1_Set_Duty:
;__Lib_PWM_c5.c,11 :: 		
;__Lib_PWM_c5.c,15 :: 		
0x013C	0x1683      	BSF        STATUS, 5
0x013D	0x1303      	BCF        STATUS, 6
0x013E	0x0812      	MOVF       PR2, 0
0x013F	0x3E01      	ADDLW      1
0x0140	0x00F0      	MOVWF      R0
0x0141	0x01F1      	CLRF       R0+1
0x0142	0x1803      	BTFSC      STATUS, 0
0x0143	0x0AF1      	INCF       R0+1, 1
0x0144	0x1283      	BCF        STATUS, 5
0x0145	0x084A      	MOVF       FARG_PWM1_Set_Duty_new_duty, 0
0x0146	0x00F4      	MOVWF      R4
0x0147	0x01F5      	CLRF       R4+1
0x0148	0x208B      	CALL       _Mul_16x16_U
0x0149	0x3006      	MOVLW      6
0x014A	0x00F2      	MOVWF      R2
0x014B	0x0870      	MOVF       R0, 0
0x014C	0x00F4      	MOVWF      R4
0x014D	0x0871      	MOVF       R0+1, 0
0x014E	0x00F5      	MOVWF      R4+1
0x014F	0x0872      	MOVF       R2, 0
L__PWM1_Set_Duty2:
0x0150	0x1903      	BTFSC      STATUS, 2
0x0151	0x2957      	GOTO       L__PWM1_Set_Duty3
0x0152	0x0CF5      	RRF        R4+1, 1
0x0153	0x0CF4      	RRF        R4, 1
0x0154	0x13F5      	BCF        R4+1, 7
0x0155	0x3EFF      	ADDLW      255
0x0156	0x2950      	GOTO       L__PWM1_Set_Duty2
L__PWM1_Set_Duty3:
;__Lib_PWM_c5.c,16 :: 		
0x0157	0x3004      	MOVLW      4
0x0158	0x00F1      	MOVWF      R1
0x0159	0x0874      	MOVF       R4, 0
0x015A	0x00F0      	MOVWF      R0
0x015B	0x0871      	MOVF       R1, 0
L__PWM1_Set_Duty4:
0x015C	0x1903      	BTFSC      STATUS, 2
0x015D	0x2962      	GOTO       L__PWM1_Set_Duty5
0x015E	0x0DF0      	RLF        R0, 1
0x015F	0x1070      	BCF        R0, 0
0x0160	0x3EFF      	ADDLW      255
0x0161	0x295C      	GOTO       L__PWM1_Set_Duty4
L__PWM1_Set_Duty5:
0x0162	0x3030      	MOVLW      48
0x0163	0x0570      	ANDWF      R0, 0
0x0164	0x00F3      	MOVWF      R3
;__Lib_PWM_c5.c,17 :: 		
0x0165	0x0874      	MOVF       R4, 0
0x0166	0x00F0      	MOVWF      R0
0x0167	0x0875      	MOVF       R4+1, 0
0x0168	0x00F1      	MOVWF      R0+1
0x0169	0x0CF1      	RRF        R0+1, 1
0x016A	0x0CF0      	RRF        R0, 1
0x016B	0x13F1      	BCF        R0+1, 7
0x016C	0x0CF1      	RRF        R0+1, 1
0x016D	0x0CF0      	RRF        R0, 1
0x016E	0x13F1      	BCF        R0+1, 7
0x016F	0x0870      	MOVF       R0, 0
0x0170	0x0095      	MOVWF      CCPR1L
;__Lib_PWM_c5.c,18 :: 		
0x0171	0x300F      	MOVLW      15
0x0172	0x0597      	ANDWF      CCP1CON, 1
;__Lib_PWM_c5.c,19 :: 		
0x0173	0x0873      	MOVF       R3, 0
0x0174	0x0497      	IORWF      CCP1CON, 1
;__Lib_PWM_c5.c,20 :: 		
L_end_PWM1_Set_Duty:
0x0175	0x0008      	RETURN
; end of _PWM1_Set_Duty
_ADC_Read:
;__Lib_ADC_A_B.c,49 :: 		
;__Lib_ADC_A_B.c,51 :: 		
0x0176	0x30C3      	MOVLW      195
0x0177	0x1283      	BCF        STATUS, 5
0x0178	0x1303      	BCF        STATUS, 6
0x0179	0x059F      	ANDWF      ADCON0, 1
;__Lib_ADC_A_B.c,55 :: 		
0x017A	0x3040      	MOVLW      64
0x017B	0x059F      	ANDWF      ADCON0, 1
;__Lib_ADC_A_B.c,56 :: 		
0x017C	0x30F0      	MOVLW      240
0x017D	0x1683      	BSF        STATUS, 5
0x017E	0x049F      	IORWF      ADCON1, 1
;__Lib_ADC_A_B.c,57 :: 		
0x017F	0x1283      	BCF        STATUS, 5
0x0180	0x179F      	BSF        ADCON0, 7
;__Lib_ADC_A_B.c,58 :: 		
0x0181	0x084A      	MOVF       FARG_ADC_Read_channel, 0
0x0182	0x00F0      	MOVWF      R0
0x0183	0x0DF0      	RLF        R0, 1
0x0184	0x1070      	BCF        R0, 0
0x0185	0x0DF0      	RLF        R0, 1
0x0186	0x1070      	BCF        R0, 0
0x0187	0x0870      	MOVF       R0, 0
0x0188	0x049F      	IORWF      ADCON0, 1
;__Lib_ADC_A_B.c,61 :: 		
0x0189	0x141F      	BSF        ADCON0, 0
;__Lib_ADC_A_B.c,64 :: 		
0x018A	0x2084      	CALL       _Delay_22us
;__Lib_ADC_A_B.c,67 :: 		
0x018B	0x149F      	BSF        ADCON0, 1
;__Lib_ADC_A_B.c,70 :: 		
L_ADC_Read2:
0x018C	0x1C9F      	BTFSS      ADCON0, 1
0x018D	0x2990      	GOTO       L_ADC_Read3
;__Lib_ADC_A_B.c,71 :: 		
0x018E	0x0000      	NOP
0x018F	0x298C      	GOTO       L_ADC_Read2
L_ADC_Read3:
;__Lib_ADC_A_B.c,74 :: 		
0x0190	0x101F      	BCF        ADCON0, 0
;__Lib_ADC_A_B.c,77 :: 		
0x0191	0x081E      	MOVF       ADRESH, 0
0x0192	0x00F1      	MOVWF      R0+1
0x0193	0x01F0      	CLRF       R0
0x0194	0x1683      	BSF        STATUS, 5
0x0195	0x081E      	MOVF       ADRESL, 0
0x0196	0x04F0      	IORWF      R0, 1
0x0197	0x3000      	MOVLW      0
0x0198	0x04F1      	IORWF      R0+1, 1
;__Lib_ADC_A_B.c,78 :: 		
L_end_ADC_Read:
0x0199	0x0008      	RETURN
; end of _ADC_Read
_PrintAString:
;PickupWinder.c,9 :: 		void PrintAString(char string[]) {
;PickupWinder.c,11 :: 		for(k=0;string[k]!=0;k++) // Recall: String is an array terminated by zero
0x019A	0x1283      	BCF        STATUS, 5
0x019B	0x1303      	BCF        STATUS, 6
0x019C	0x01CB      	CLRF       PrintAString_k_L0
0x019D	0x01CC      	CLRF       PrintAString_k_L0+1
L_PrintAString0:
0x019E	0x084B      	MOVF       PrintAString_k_L0, 0
0x019F	0x074A      	ADDWF      FARG_PrintAString_string, 0
0x01A0	0x0084      	MOVWF      FSR
0x01A1	0x0800      	MOVF       INDF, 0
0x01A2	0x3A00      	XORLW      0
0x01A3	0x1903      	BTFSC      STATUS, 2
0x01A4	0x29AF      	GOTO       L_PrintAString1
;PickupWinder.c,12 :: 		Uart1_Write(string[k]);
0x01A5	0x084B      	MOVF       PrintAString_k_L0, 0
0x01A6	0x074A      	ADDWF      FARG_PrintAString_string, 0
0x01A7	0x0084      	MOVWF      FSR
0x01A8	0x0800      	MOVF       INDF, 0
0x01A9	0x00D3      	MOVWF      FARG_UART1_Write_data_
0x01AA	0x2073      	CALL       _UART1_Write
;PickupWinder.c,11 :: 		for(k=0;string[k]!=0;k++) // Recall: String is an array terminated by zero
0x01AB	0x0ACB      	INCF       PrintAString_k_L0, 1
0x01AC	0x1903      	BTFSC      STATUS, 2
0x01AD	0x0ACC      	INCF       PrintAString_k_L0+1, 1
;PickupWinder.c,12 :: 		Uart1_Write(string[k]);
0x01AE	0x299E      	GOTO       L_PrintAString0
L_PrintAString1:
;PickupWinder.c,13 :: 		}
L_end_PrintAString:
0x01AF	0x0008      	RETURN
; end of _PrintAString
_PWM1_Start:
;__Lib_PWM_c5.c,22 :: 		
;__Lib_PWM_c5.c,23 :: 		
0x01B0	0x1683      	BSF        STATUS, 5
0x01B1	0x1303      	BCF        STATUS, 6
0x01B2	0x1287      	BCF        TRISC5_bit, 5
;__Lib_PWM_c5.c,24 :: 		
0x01B3	0x1283      	BCF        STATUS, 5
0x01B4	0x1512      	BSF        T2CON, 2
;__Lib_PWM_c5.c,25 :: 		
0x01B5	0x300C      	MOVLW      12
0x01B6	0x0497      	IORWF      CCP1CON, 1
;__Lib_PWM_c5.c,26 :: 		
L_end_PWM1_Start:
0x01B7	0x0008      	RETURN
; end of _PWM1_Start
_PWM1_Init:
;__Lib_PWM_c5.c,4 :: 		
;__Lib_PWM_c5.c,5 :: 		
;__Lib_PWM_c5.c,6 :: 		
0x01B8	0x1283      	BCF        STATUS, 5
0x01B9	0x1303      	BCF        STATUS, 6
0x01BA	0x0195      	CLRF       CCPR1L
;__Lib_PWM_c5.c,7 :: 		
0x01BB	0x1217      	BCF        CCP1CON, 4
;__Lib_PWM_c5.c,8 :: 		
0x01BC	0x1297      	BCF        CCP1CON, 5
;__Lib_PWM_c5.c,9 :: 		
L_end_PWM1_Init:
0x01BD	0x0008      	RETURN
; end of _PWM1_Init
_main:
0x01BE	0x1283      	BCF        STATUS, 5
0x01BF	0x1303      	BCF        STATUS, 6
0x01C0	0x01A0      	CLRF       _counter
0x01C1	0x01A1      	CLRF       33
0x01C2	0x01A2      	CLRF       _duty
0x01C3	0x3073      	MOVLW      115
0x01C4	0x00A3      	MOVWF      _script
0x01C5	0x3070      	MOVLW      112
0x01C6	0x00A4      	MOVWF      36
0x01C7	0x3065      	MOVLW      101
0x01C8	0x00A5      	MOVWF      37
0x01C9	0x3065      	MOVLW      101
0x01CA	0x00A6      	MOVWF      38
0x01CB	0x3064      	MOVLW      100
0x01CC	0x00A7      	MOVWF      39
0x01CD	0x3020      	MOVLW      32
0x01CE	0x00A8      	MOVWF      40
0x01CF	0x303D      	MOVLW      61
0x01D0	0x00A9      	MOVWF      41
0x01D1	0x3020      	MOVLW      32
0x01D2	0x00AA      	MOVWF      42
0x01D3	0x01AB      	CLRF       43
0x01D4	0x300D      	MOVLW      13
0x01D5	0x00AC      	MOVWF      _crlf
0x01D6	0x300A      	MOVLW      10
0x01D7	0x00AD      	MOVWF      45
0x01D8	0x01AE      	CLRF       46
0x01D9	0x3063      	MOVLW      99
0x01DA	0x00AF      	MOVWF      _script2
0x01DB	0x306F      	MOVLW      111
0x01DC	0x00B0      	MOVWF      48
0x01DD	0x3075      	MOVLW      117
0x01DE	0x00B1      	MOVWF      49
0x01DF	0x306E      	MOVLW      110
0x01E0	0x00B2      	MOVWF      50
0x01E1	0x3074      	MOVLW      116
0x01E2	0x00B3      	MOVWF      51
0x01E3	0x3065      	MOVLW      101
0x01E4	0x00B4      	MOVWF      52
0x01E5	0x3072      	MOVLW      114
0x01E6	0x00B5      	MOVWF      53
0x01E7	0x3020      	MOVLW      32
0x01E8	0x00B6      	MOVWF      54
0x01E9	0x303D      	MOVLW      61
0x01EA	0x00B7      	MOVWF      55
0x01EB	0x3020      	MOVLW      32
0x01EC	0x00B8      	MOVWF      56
0x01ED	0x01B9      	CLRF       57
;PickupWinder.c,16 :: 		void main() {
;PickupWinder.c,17 :: 		TRISA = 0X14;
0x01EE	0x3014      	MOVLW      20
0x01EF	0x1683      	BSF        STATUS, 5
0x01F0	0x0085      	MOVWF      TRISA
;PickupWinder.c,18 :: 		TRISB = 0x00;
0x01F1	0x0186      	CLRF       TRISB
;PickupWinder.c,19 :: 		TRISC = 0x00;
0x01F2	0x0187      	CLRF       TRISC
;PickupWinder.c,20 :: 		PORTC = 0x00;
0x01F3	0x1283      	BCF        STATUS, 5
0x01F4	0x0187      	CLRF       PORTC
;PickupWinder.c,21 :: 		ANSEL = 0x04;
0x01F5	0x3004      	MOVLW      4
0x01F6	0x1703      	BSF        STATUS, 6
0x01F7	0x009E      	MOVWF      ANSEL
;PickupWinder.c,22 :: 		C1ON_bit = 0;               // Disable comparators
0x01F8	0x1399      	BCF        C1ON_bit, 7
;PickupWinder.c,23 :: 		C2ON_bit = 0;
0x01F9	0x139A      	BCF        C2ON_bit, 7
;PickupWinder.c,24 :: 		Uart1_Init(9600);
0x01FA	0x3019      	MOVLW      25
0x01FB	0x1683      	BSF        STATUS, 5
0x01FC	0x1303      	BCF        STATUS, 6
0x01FD	0x0099      	MOVWF      SPBRG
0x01FE	0x1518      	BSF        TXSTA, 2
0x01FF	0x212C      	CALL       _UART1_Init
;PickupWinder.c,25 :: 		PWM1_Init(5000);
0x0200	0x1012      	BCF        T2CON, 0
0x0201	0x1092      	BCF        T2CON, 1
0x0202	0x30C7      	MOVLW      199
0x0203	0x1683      	BSF        STATUS, 5
0x0204	0x0092      	MOVWF      PR2
0x0205	0x21B8      	CALL       _PWM1_Init
;PickupWinder.c,26 :: 		INTCON |= 0x90;
0x0206	0x3090      	MOVLW      144
0x0207	0x048B      	IORWF      INTCON, 1
;PickupWinder.c,27 :: 		OPTION_REG |= 0x40;
0x0208	0x1683      	BSF        STATUS, 5
0x0209	0x1701      	BSF        OPTION_REG, 6
;PickupWinder.c,28 :: 		PWM1_Start();
0x020A	0x21B0      	CALL       _PWM1_Start
;PickupWinder.c,29 :: 		PWM1_Set_Duty(duty);
0x020B	0x0822      	MOVF       _duty, 0
0x020C	0x00CA      	MOVWF      FARG_PWM1_Set_Duty_new_duty
0x020D	0x213C      	CALL       _PWM1_Set_Duty
;PickupWinder.c,30 :: 		while(1) {
L_main3:
;PickupWinder.c,31 :: 		foot = ADC_Read(3)/3;
0x020E	0x3003      	MOVLW      3
0x020F	0x00CA      	MOVWF      FARG_ADC_Read_channel
0x0210	0x2176      	CALL       _ADC_Read
0x0211	0x3003      	MOVLW      3
0x0212	0x00F4      	MOVWF      R4
0x0213	0x3000      	MOVLW      0
0x0214	0x00F5      	MOVWF      R4+1
0x0215	0x2016      	CALL       _Div_16x16_U
0x0216	0x0870      	MOVF       R0, 0
0x0217	0x00BC      	MOVWF      _foot
0x0218	0x0871      	MOVF       R0+1, 0
0x0219	0x00BD      	MOVWF      _foot+1
;PickupWinder.c,32 :: 		if(counter < 50) {
0x021A	0x3000      	MOVLW      0
0x021B	0x0221      	SUBWF      _counter+1, 0
0x021C	0x1D03      	BTFSS      STATUS, 2
0x021D	0x2A20      	GOTO       L__main10
0x021E	0x3032      	MOVLW      50
0x021F	0x0220      	SUBWF      _counter, 0
L__main10:
0x0220	0x1803      	BTFSC      STATUS, 0
0x0221	0x2A2D      	GOTO       L_main5
;PickupWinder.c,33 :: 		duty = (short)foot;
0x0222	0x083C      	MOVF       _foot, 0
0x0223	0x00A2      	MOVWF      _duty
;PickupWinder.c,34 :: 		if(duty<60) duty = 0;
0x0224	0x303C      	MOVLW      60
0x0225	0x023C      	SUBWF      _foot, 0
0x0226	0x1803      	BTFSC      STATUS, 0
0x0227	0x2A29      	GOTO       L_main6
0x0228	0x01A2      	CLRF       _duty
L_main6:
;PickupWinder.c,35 :: 		PWM1_Set_Duty(duty);
0x0229	0x0822      	MOVF       _duty, 0
0x022A	0x00CA      	MOVWF      FARG_PWM1_Set_Duty_new_duty
0x022B	0x213C      	CALL       _PWM1_Set_Duty
;PickupWinder.c,36 :: 		}
0x022C	0x2A2F      	GOTO       L_main7
L_main5:
;PickupWinder.c,37 :: 		else PWM1_Set_Duty(0);
0x022D	0x01CA      	CLRF       FARG_PWM1_Set_Duty_new_duty
0x022E	0x213C      	CALL       _PWM1_Set_Duty
L_main7:
;PickupWinder.c,38 :: 		PrintAstring(script);
0x022F	0x3023      	MOVLW      _script
0x0230	0x00CA      	MOVWF      FARG_PrintAString_string
0x0231	0x219A      	CALL       _PrintAString
;PickupWinder.c,39 :: 		InttoStr(foot,temp);
0x0232	0x083C      	MOVF       _foot, 0
0x0233	0x00CA      	MOVWF      FARG_IntToStr_input
0x0234	0x083D      	MOVF       _foot+1, 0
0x0235	0x00CB      	MOVWF      FARG_IntToStr_input+1
0x0236	0x303E      	MOVLW      _temp
0x0237	0x00CC      	MOVWF      FARG_IntToStr_output
0x0238	0x20B6      	CALL       _IntToStr
;PickupWinder.c,40 :: 		PrintAString(temp);
0x0239	0x303E      	MOVLW      _temp
0x023A	0x00CA      	MOVWF      FARG_PrintAString_string
0x023B	0x219A      	CALL       _PrintAString
;PickupWinder.c,41 :: 		PrintAstring(script2);
0x023C	0x302F      	MOVLW      _script2
0x023D	0x00CA      	MOVWF      FARG_PrintAString_string
0x023E	0x219A      	CALL       _PrintAString
;PickupWinder.c,42 :: 		InttoStr(counter,temp);
0x023F	0x0820      	MOVF       _counter, 0
0x0240	0x00CA      	MOVWF      FARG_IntToStr_input
0x0241	0x0821      	MOVF       _counter+1, 0
0x0242	0x00CB      	MOVWF      FARG_IntToStr_input+1
0x0243	0x303E      	MOVLW      _temp
0x0244	0x00CC      	MOVWF      FARG_IntToStr_output
0x0245	0x20B6      	CALL       _IntToStr
;PickupWinder.c,43 :: 		PrintAString(temp);
0x0246	0x303E      	MOVLW      _temp
0x0247	0x00CA      	MOVWF      FARG_PrintAString_string
0x0248	0x219A      	CALL       _PrintAString
;PickupWinder.c,44 :: 		PrintAstring(crlf);
0x0249	0x302C      	MOVLW      _crlf
0x024A	0x00CA      	MOVWF      FARG_PrintAString_string
0x024B	0x219A      	CALL       _PrintAString
;PickupWinder.c,45 :: 		}
0x024C	0x2A0E      	GOTO       L_main3
;PickupWinder.c,46 :: 		}
L_end_main:
0x024D	0x2A4D      	GOTO       $+0
; end of _main
Symbol List:
//** Routines locations **
//ADDRESS    SIZE    PROCEDURE
//----------------------------------------------
0x0004      [18]    _interrupt
0x0016      [29]    _Div_16x16_U
0x0033      [64]    _WordToStr
0x0073      [10]    _UART1_Write
0x007D       [7]    _____DoICP
0x0084       [7]    _Delay_22us
0x008B      [43]    _Mul_16x16_U
0x00B6     [106]    _IntToStr
0x0120      [12]    ___CC2DW
0x012C      [16]    _UART1_Init
0x013C      [58]    _PWM1_Set_Duty
0x0176      [36]    _ADC_Read
0x019A      [22]    _PrintAString
0x01B0       [8]    _PWM1_Start
0x01B8       [6]    _PWM1_Init
0x01BE     [144]    _main
//** Variables locations ** 
//ADDRESS    SIZE    VARIABLE
//----------------------------------------------
0x0000       [1]    INDF
0x0002       [1]    PCL
0x0003       [1]    STATUS
0x0004       [1]    FSR
0x0007       [1]    PORTC
0x000A       [1]    PCLATH
0x000B       [1]    INTCON
0x000C       [1]    PIR1
0x0012       [1]    T2CON
0x0015       [1]    CCPR1L
0x0017       [1]    CCP1CON
0x0018       [1]    RCSTA
0x0019       [1]    TXREG
0x001A       [1]    RCREG
0x001E       [1]    ADRESH
0x001F       [1]    ADCON0
0x0020       [2]    _counter
0x0022       [1]    _duty
0x0023       [9]    _script
0x002C       [3]    _crlf
0x002F      [11]    _script2
0x003A       [2]    ___DoICPAddr
0x003C       [2]    _foot
0x003E      [10]    _temp
0x0048       [1]    ___saveSTATUS
0x0049       [1]    ___savePCLATH
0x004A       [4]    FARG_PWM1_Init_PWM_Freq
0x004A       [1]    FARG_ADC_Read_channel
0x004A       [1]    FARG_PWM1_Set_Duty_new_duty
0x004A       [2]    FARG_IntToStr_input
0x004A       [1]    FARG_PrintAString_string
0x004B       [2]    PrintAString_k_L0
0x004C       [1]    FARG_IntToStr_output
0x004D       [2]    IntToStr_i_L0
0x004F       [2]    IntToStr_negative_L0
0x0051       [2]    IntToStr_inword_L0
0x0053       [1]    FARG_UART1_Write_data_
0x0053       [2]    FARG_WordToStr_input
0x0055       [1]    FARG_WordToStr_output
0x0056       [1]    WordToStr_len_L0
0x0057       [1]    FLOC__WordToStr
0x0070       [1]    R0
0x0071       [1]    R1
0x0072       [1]    R2
0x0073       [1]    R3
0x0074       [1]    R4
0x0075       [1]    R5
0x0076       [1]    R6
0x0077       [1]    R7
0x0078       [1]    R8
0x0079       [1]    R9
0x007A       [1]    R10
0x007B       [1]    R11
0x007C       [1]    R12
0x007D       [1]    R13
0x007E       [1]    R14
0x007F       [1]    R15
0x0081       [1]    OPTION_REG
0x0085       [1]    TRISA
0x0086       [1]    TRISB
0x0086       [0]    TRISB7_bit
0x0086       [0]    TRISB5_bit
0x0087       [0]    TRISC5_bit
0x0087       [1]    TRISC
0x0092       [1]    PR2
0x0098       [1]    TXSTA
0x0099       [1]    SPBRG
0x009A       [1]    SPBRGH
0x009E       [1]    ADRESL
0x009F       [1]    ADCON1
0x0119       [0]    C1ON_bit
0x011A       [0]    C2ON_bit
0x011E       [1]    ANSEL
//** Label List: ** 
//----------------------------------------------
  L_PrintAString0
  L_PrintAString1
  L_PrintAString2
  L_main3
  L_main4
  L_main5
  L_main6
  L_main7
  L_end_PrintAString
  _PrintAString
  L_end_main
  _main
  L__main10
  L_end_interrupt
  _interrupt
  L__interrupt12
  L_ADC_Get_Sample0
  L_ADC_Get_Sample1
  L_ADC_Read2
  L_ADC_Read3
  L_end_ADC_Init
  _ADC_Init
  L_end_ADC_Get_Sample
  _ADC_Get_Sample
  L_end_ADC_Read
  _ADC_Read
  L_ByteToStr0
  L_ByteToStr1
  L_ByteToStr2
  L_ByteToStr3
  L_ByteToStr4
  L_ByteToStr5
  L_WordToStr6
  L_WordToStr7
  L_WordToStr8
  L_WordToStr9
  L_WordToStr10
  L_WordToStr11
  L_WordToStrWithZeros12
  L_WordToStrWithZeros13
  L_WordToStrWithZeros14
  L_WordToStrWithZeros15
  L_WordToStrWithZeros16
  L_ShortToStr17
  L_ShortToStr18
  L_ShortToStr19
  L_ShortToStr20
  L_ShortToStr21
  L_ShortToStr22
  L_IntToStr23
  L_IntToStr24
  L_IntToStr25
  L_IntToStr26
  L_IntToStr27
  L_IntToStr28
  L_IntToStrWithZeros29
  L_IntToStrWithZeros30
  L_IntToStrWithZeros31
  L_IntToStrWithZeros32
  L_IntToStrWithZeros33
  L_IntToStrWithZeros34
  L_IntToStrWithZeros35
  L_IntToStrWithZeros36
  L_IntToStrWithZeros37
  L_LongWordToStr38
  L_LongWordToStr39
  L_LongWordToStr40
  L_LongWordToStr41
  L_LongWordToStr42
  L_LongWordToStr43
  L_LongWordToStrWithZeros44
  L_LongWordToStrWithZeros45
  L_LongWordToStrWithZeros46
  L_LongWordToStrWithZeros47
  L_LongWordToStrWithZeros48
  L_LongToStr49
  L_LongToStr50
  L_LongToStr51
  L_LongToStr52
  L_LongToStr53
  L_LongToStr54
  L_LongIntToStrWithZeros55
  L_LongIntToStrWithZeros56
  L_LongIntToStrWithZeros57
  L_LongIntToStrWithZeros58
  L_LongIntToStrWithZeros59
  L_LongIntToStrWithZeros60
  L_LongIntToStrWithZeros61
  L_LongIntToStrWithZeros62
  L_LongIntToStrWithZeros63
  L_Dec2Bcd64
  L_Dec2Bcd65
  L_Rtrim66
  L_Rtrim67
  L_Rtrim68
  L_Rtrim69
  L_Ltrim70
  L_Ltrim71
  L_Ltrim72
  L_Ltrim73
  L_Ltrim74
  L_Ltrim75
  L_FloatToStr76
  L_FloatToStr77
  L_FloatToStr78
  L_FloatToStr79
  L_FloatToStr80
  L_FloatToStr81
  L_FloatToStr82
  L_FloatToStr83
  L_FloatToStr84
  L_FloatToStr85
  L_FloatToStr86
  L_FloatToStr87
  L_FloatToStr88
  L_FloatToStr89
  L_FloatToStr90
  L_FloatToStr91
  L_FloatToStr92
  L_FloatToStr93
  L_FloatToStr94
  L_FloatToStr95
  L_FloatToStr96
  L_FloatToStr97
  L__Rtrim98
  L__Ltrim99
  L__FloatToStr100
  L_end_ByteToHex
  _ByteToHex
  L_end_ShortToHex
  _ShortToHex
  L_end_WordToHex
  _WordToHex
  L_end_IntToHex
  _IntToHex
  L_end_LongWordToHex
  _LongWordToHex
  L_end_LongIntToHex
  _LongIntToHex
  L_end_ByteToStr
  _ByteToStr
  L_end_WordToStr
  _WordToStr
  L__WordToStr109
  L_end_WordToStrWithZeros
  _WordToStrWithZeros
  L__WordToStrWithZeros111
  L_end_ShortToStr
  _ShortToStr
  L__ShortToStr113
  L_end_IntToStr
  _IntToStr
  L__IntToStr115
  L__IntToStr116
  L_end_IntToStrWithZeros
  _IntToStrWithZeros
  L__IntToStrWithZeros118
  L__IntToStrWithZeros119
  L__IntToStrWithZeros120
  L_end_LongWordToStr
  _LongWordToStr
  L__LongWordToStr122
  L__LongWordToStr123
  L_end_LongWordToStrWithZeros
  _LongWordToStrWithZeros
  L__LongWordToStrWithZeros125
  L_end_LongToStr
  _LongToStr
  L__LongToStr127
  L__LongToStr128
  L_end_LongIntToStrWithZeros
  _LongIntToStrWithZeros
  L__LongIntToStrWithZeros130
  L__LongIntToStrWithZeros131
  L__LongIntToStrWithZeros132
  L_end_Dec2Bcd
  _Dec2Bcd
  L_end_Bcd2Dec
  _Bcd2Dec
  L_end_Bcd2Dec16
  _Bcd2Dec16
  L__Bcd2Dec16136
  L__Bcd2Dec16137
  L_end_Dec2Bcd16
  _Dec2Bcd16
  L__Dec2Bcd16139
  L__Dec2Bcd16140
  L_end_Rtrim
  _Rtrim
  L_end_Ltrim
  _Ltrim
  L_end_FloatToStr
  _FloatToStr
  L__FloatToStr144
  L__FloatToStr145
  L__FloatToStr146
  L__FloatToStr147
  L__FloatToStr148
  L_Delay_10us0
  L_Delay_22us1
  L_Delay_50us2
  L_Delay_80us3
  L_Delay_500us4
  L_Delay_5500us5
  L_Delay_1ms6
  L_Delay_5ms7
  L_Delay_8ms8
  L_Delay_10ms9
  L_Delay_100ms10
  L_Delay_1sec11
  L_boot16_Delay_5ms12
  L_Delay_Cyc13
  L_Delay_Cyc14
  L_VDelay_ms15
  L_VDelay_ms16
  L_VDelay_ms17
  L_VDelay_Advanced_ms18
  L_VDelay_Advanced_ms19
  L_VDelay_Advanced_ms20
  L_end_Get_Fosc_kHz
  _Get_Fosc_kHz
  L_end_Delay_1us
  _Delay_1us
  L_end_Delay_10us
  _Delay_10us
  L_end_Delay_22us
  _Delay_22us
  L_end_Delay_50us
  _Delay_50us
  L_end_Delay_80us
  _Delay_80us
  L_end_Delay_500us
  _Delay_500us
  L_end_Delay_5500us
  _Delay_5500us
  L_end_Delay_1ms
  _Delay_1ms
  L_end_Delay_5ms
  _Delay_5ms
  L_end_Delay_8ms
  _Delay_8ms
  L_end_Delay_10ms
  _Delay_10ms
  L_end_Delay_100ms
  _Delay_100ms
  L_end_Delay_1sec
  _Delay_1sec
  L_end_boot16_Delay_5ms
  _boot16_Delay_5ms
  L_end_Delay_Cyc
  _Delay_Cyc
  L_end_VDelay_ms
  _VDelay_ms
  L__VDelay_ms38
  L__VDelay_ms39
  L__VDelay_ms40
  L_end_VDelay_Advanced_ms
  _VDelay_Advanced_ms
  L__VDelay_Advanced_ms42
  L__VDelay_Advanced_ms43
  L__VDelay_Advanced_ms44
  L_Div_16x16_S0
  L_Div_16x16_S1
  LOOPS3232A
  SADD22LA
  SOK22LA
  SADD22L8
  SOK22L8
  LOOPS3232B
  SADD22LB
  SOK22LB
  SADD22L16
  SOK22L16
  LOOPS3232C
  SADD22LC
  SOK22LC
  SADD22L24
  SOK22L24
  LOOPS3232D
  SADD22LD
  SOK22LD
  SOK22L
  L_Div_32x32_S6
  L_Div_32x32_S7
  L_Div_32x32_S8
  L_Div_32x32_S9
  FXD3232S
  END_ALL
  CA3232S
  C3232SX
  C3232SX1
  C3232S
  C3232S2
  C3232SX4
  C3232SOK
  C3232SX3
  C3232SX2
  avoid_comfrem
  LOOPU3232A
  UADD22LA
  UOK22LA
  UADD22L8
  UOK22L8
  LOOPU3232B
  UADD22LB
  UOK22LB
  UADD22L16
  UOK22L16
  LOOPU3232C
  UADD22LC
  UOK22LC
  UADD22L24
  UOK22L24
  LOOPU3232D
  UADD22LD
  UOK22LD
  UOK22L
  _NEXT
  _EXIT2
  _LOOP
  _EXIT1
  _IF_FIRST
  _IF_SECOND
  _INVERCE_FIRST
  _MULT
  _INBERSE_SECOND
  _EXIT
  L_end_Mul_8x8_U
  _Mul_8x8_U
  L_end_Mul_16x16_U
  _Mul_16x16_U
  L_end_Div_8x8_U
  _Div_8x8_U
  L_end_Div_16x16_U
  _Div_16x16_U
  L_end_Mul_8x8_S
  _Mul_8x8_S
  L_end_Mul_16x16_S
  _Mul_16x16_S
  L_end_Div_16x16_S_L
  _Div_16x16_S_L
  L_end_Div_16x16_S
  _Div_16x16_S
  L_end_Div_8x8_S
  _Div_8x8_S
  L_end_SDIV3232L
  _SDIV3232L
  L_end_COMFREM
  _COMFREM
  L_end_Div_32x32_S
  _Div_32x32_S
  L_end_Div_32x32_U
  _Div_32x32_U
  L_end_Mul_32x32_U
  _Mul_32x32_U
  L_end_Mul_32x32_S
  _Mul_32x32_S
  L_end_PWM1_Init
  _PWM1_Init
  L_end_PWM1_Set_Duty
  _PWM1_Set_Duty
  L__PWM1_Set_Duty2
  L__PWM1_Set_Duty3
  L__PWM1_Set_Duty4
  L__PWM1_Set_Duty5
  L_end_PWM1_Start
  _PWM1_Start
  L_end_PWM1_Stop
  _PWM1_Stop
  L_loopCA2AWs
  L_CA2AWend
  _CCA2AW_Loop1
  L_loopCS2Ss
  L_CS2Send
  _CCS2S_Loop1
  L_CCS2Send
  L_loopFZinSWs
  L_FZinSend
  _CC2D_Loop1
  L_end_____DoICP
  _____DoICP
  L_end_____DoIFC
  _____DoIFC
  L_end___CA2AW
  ___CA2AW
  L_end___CCA2AW
  ___CCA2AW
  L_end___CS2S
  ___CS2S
  L_end___CCS2S
  ___CCS2S
  L_end___FZinS
  ___FZinS
  L_end___CC2DW
  ___CC2DW
  L_end_Swap
  _Swap
  L_UART1_Init0
  L_UART1_Init1
  L_UART1_Read2
  L_UART1_Write3
  L_UART1_Write4
  L_UART1_Write_Text5
  L_UART1_Write_Text6
  L_UART1_Read_Text7
  L_UART1_Read_Text8
  L_UART1_Read_Text9
  L_UART1_Read_Text10
  L_UART1_Read_Text11
  L_UART1_Read_Text12
  L_UART1_Read_Text13
  L_UART1_Read_Text14
  L_UART1_Read_Text15
  L_end_UART1_Init
  _UART1_Init
  L_end_UART1_Data_Ready
  _UART1_Data_Ready
  L_end_UART1_Read
  _UART1_Read
  L_end_UART1_Tx_Idle
  _UART1_Tx_Idle
  L_end_UART1_Write
  _UART1_Write
  L_end_UART1_Write_Text
  _UART1_Write_Text
  L_end_UART1_Read_Text
  _UART1_Read_Text
  L_PrintAString0
  L_PrintAString1
  L_PrintAString2
  L_main3
  L_main4
  L_main5
  L_main6
  L_main7
  L_end_PrintAString
  _PrintAString
  L_end_main
  _main
  L__main10
  L_end_interrupt
  _interrupt
  L__interrupt12
